Command line:
   SimulacionComprobador_isim_beh.exe
     -simmode  gui
     -simrunnum  0
     -socket  56994

Wed Sep 25 05:01:05 2013


 Elaboration Time: 0.078 sec

 Current Memory Usage: 812.294 Meg

 Total Signals          : 69
 Total Nets             : 65
 Total Signal Drivers   : 29
 Total Blocks           : 12
 Total Primitive Blocks : 10
 Total Processes        : 41
 Total Traceable Variables  : 57
 Total Scalar Nets and Variables : 596
Total Line Count : 113

 Total Simulation Time: 0.1092 sec

 Current Memory Usage: 812.294 Meg

Wed Sep 25 05:01:22 2013

