Release 14.6 Map P.68d (nt64)
Xilinx Mapping Report File for Design 'Laboratorio3'

Design Information
------------------
Command Line   : map -intstyle ise -p xc3s200-ft256-4 -cm area -ir off -pr off
-c 100 -o Laboratorio3_map.ncd Laboratorio3.ngd Laboratorio3.pcf 
Target Device  : xc3s200
Target Package : ft256
Target Speed   : -4
Mapper Version : spartan3 -- $Revision: 1.55 $
Mapped Date    : Mon Sep 23 03:48:30 2013

Design Summary
--------------
Number of errors:      0
Number of warnings:   62
Logic Utilization:
  Total Number Slice Registers:          76 out of   3,840    1%
    Number used as Flip Flops:           72
    Number used as Latches:               4
  Number of 4 input LUTs:                48 out of   3,840    1%
Logic Distribution:
  Number of occupied Slices:             59 out of   1,920    3%
    Number of Slices containing only related logic:      59 out of      59 100%
    Number of Slices containing unrelated logic:          0 out of      59   0%
      *See NOTES below for an explanation of the effects of unrelated logic.
  Total Number of 4 input LUTs:          88 out of   3,840    2%
    Number used as logic:                48
    Number used as a route-thru:         40

  The Slice Logic Distribution report is not meaningful if the design is
  over-mapped for a non-slice resource or if Placement fails.

  Number of bonded IOBs:                 59 out of     173   34%
    IOB Flip Flops:                       2
  Number of BUFGMUXs:                     1 out of       8   12%

Average Fanout of Non-Clock Nets:                2.79

Peak Memory Usage:  235 MB
Total REAL time to MAP completion:  3 secs 
Total CPU time to MAP completion:   3 secs 

NOTES:

   Related logic is defined as being logic that shares connectivity - e.g. two
   LUTs are "related" if they share common inputs.  When assembling slices,
   Map gives priority to combine logic that is related.  Doing so results in
   the best timing performance.

   Unrelated logic shares no connectivity.  Map will only begin packing
   unrelated logic into a slice once 99% of the slices are occupied through
   related logic packing.

   Note that once logic distribution reaches the 99% level through related
   logic packing, this does not mean the device is completely utilized.
   Unrelated logic packing will then begin, continuing until all usable LUTs
   and FFs are occupied.  Depending on your timing budget, increased levels of
   unrelated logic packing may adversely affect the overall timing performance
   of your design.

Table of Contents
-----------------
Section 1 - Errors
Section 2 - Warnings
Section 3 - Informational
Section 4 - Removed Logic Summary
Section 5 - Removed Logic
Section 6 - IOB Properties
Section 7 - RPMs
Section 8 - Guide Report
Section 9 - Area Group and Partition Summary
Section 10 - Timing Report
Section 11 - Configuration String Information
Section 12 - Control Set Information
Section 13 - Utilization by Hierarchy

Section 1 - Errors
------------------

Section 2 - Warnings
--------------------
WARNING:MapLib:23 - Short on signal datoSalida<15> detected.
WARNING:MapLib:23 - Short on signal datoSalida<14> detected.
WARNING:MapLib:23 - Short on signal datoSalida<13> detected.
WARNING:MapLib:23 - Short on signal datoSalida<12> detected.
WARNING:MapLib:23 - Short on signal datoSalida<11> detected.
WARNING:MapLib:23 - Short on signal datoSalida<10> detected.
WARNING:MapLib:23 - Short on signal datoSalida<9> detected.
WARNING:MapLib:23 - Short on signal datoSalida<8> detected.
WARNING:MapLib:23 - Short on signal datoSalida<7> detected.
WARNING:MapLib:23 - Short on signal datoSalida<6> detected.
WARNING:MapLib:23 - Short on signal datoSalida<5> detected.
WARNING:MapLib:23 - Short on signal datoSalida<4> detected.
WARNING:MapLib:23 - Short on signal datoSalida<15> detected.
WARNING:MapLib:23 - Short on signal datoSalida<14> detected.
WARNING:MapLib:23 - Short on signal datoSalida<13> detected.
WARNING:MapLib:23 - Short on signal datoSalida<12> detected.
WARNING:MapLib:23 - Short on signal datoSalida<11> detected.
WARNING:MapLib:23 - Short on signal datoSalida<10> detected.
WARNING:MapLib:23 - Short on signal datoSalida<9> detected.
WARNING:MapLib:23 - Short on signal datoSalida<8> detected.
WARNING:MapLib:23 - Short on signal datoSalida<7> detected.
WARNING:MapLib:23 - Short on signal datoSalida<6> detected.
WARNING:MapLib:23 - Short on signal datoSalida<5> detected.
WARNING:MapLib:23 - Short on signal datoSalida<4> detected.
WARNING:MapLib:23 - Short on signal datoSalida<15> detected.
WARNING:MapLib:23 - Short on signal datoSalida<14> detected.
WARNING:MapLib:23 - Short on signal datoSalida<13> detected.
WARNING:MapLib:23 - Short on signal datoSalida<12> detected.
WARNING:MapLib:23 - Short on signal datoSalida<11> detected.
WARNING:MapLib:23 - Short on signal datoSalida<10> detected.
WARNING:MapLib:23 - Short on signal datoSalida<9> detected.
WARNING:MapLib:23 - Short on signal datoSalida<8> detected.
WARNING:MapLib:23 - Short on signal datoSalida<7> detected.
WARNING:MapLib:23 - Short on signal datoSalida<6> detected.
WARNING:MapLib:23 - Short on signal datoSalida<5> detected.
WARNING:MapLib:23 - Short on signal datoSalida<4> detected.
WARNING:MapLib:23 - Short on signal datoSalida<10> detected.
WARNING:MapLib:23 - Short on signal datoSalida<10> detected.
WARNING:MapLib:23 - Short on signal datoSalida<11> detected.
WARNING:MapLib:23 - Short on signal datoSalida<11> detected.
WARNING:MapLib:23 - Short on signal datoSalida<12> detected.
WARNING:MapLib:23 - Short on signal datoSalida<12> detected.
WARNING:MapLib:23 - Short on signal datoSalida<13> detected.
WARNING:MapLib:23 - Short on signal datoSalida<13> detected.
WARNING:MapLib:23 - Short on signal datoSalida<14> detected.
WARNING:MapLib:23 - Short on signal datoSalida<14> detected.
WARNING:MapLib:23 - Short on signal datoSalida<15> detected.
WARNING:MapLib:23 - Short on signal datoSalida<15> detected.
WARNING:MapLib:23 - Short on signal datoSalida<4> detected.
WARNING:MapLib:23 - Short on signal datoSalida<4> detected.
WARNING:MapLib:23 - Short on signal datoSalida<5> detected.
WARNING:MapLib:23 - Short on signal datoSalida<5> detected.
WARNING:MapLib:23 - Short on signal datoSalida<6> detected.
WARNING:MapLib:23 - Short on signal datoSalida<6> detected.
WARNING:MapLib:23 - Short on signal datoSalida<7> detected.
WARNING:MapLib:23 - Short on signal datoSalida<7> detected.
WARNING:MapLib:23 - Short on signal datoSalida<8> detected.
WARNING:MapLib:23 - Short on signal datoSalida<8> detected.
WARNING:MapLib:23 - Short on signal datoSalida<9> detected.
WARNING:MapLib:23 - Short on signal datoSalida<9> detected.
WARNING:PhysDesignRules:372 - Gated clock. Clock net
   Comprobador/solicitar_direccion is sourced by a combinatorial pin. This is
   not good design practice. Use the CE pin to control the loading of data into
   the flip-flop.
WARNING:PhysDesignRules:372 - Gated clock. Clock net
   Comprobador/write_dato_control is sourced by a combinatorial pin. This is not
   good design practice. Use the CE pin to control the loading of data into the
   flip-flop.

Section 3 - Informational
-------------------------
INFO:MapLib:562 - No environment variables are currently set.
INFO:LIT:244 - All of the single ended outputs in this design are using slew
   rate limited output drivers. The delay on speed critical single ended outputs
   can be dramatically reduced by designating them as fast outputs.

Section 4 - Removed Logic Summary
---------------------------------
  12 block(s) removed
   2 block(s) optimized away

Section 5 - Removed Logic
-------------------------
Unused block "datoSalida<10>_PULLUP" (PULLUP) removed.
Unused block "datoSalida<11>_PULLUP" (PULLUP) removed.
Unused block "datoSalida<12>_PULLUP" (PULLUP) removed.
Unused block "datoSalida<13>_PULLUP" (PULLUP) removed.
Unused block "datoSalida<14>_PULLUP" (PULLUP) removed.
Unused block "datoSalida<15>_PULLUP" (PULLUP) removed.
Unused block "datoSalida<4>_PULLUP" (PULLUP) removed.
Unused block "datoSalida<5>_PULLUP" (PULLUP) removed.
Unused block "datoSalida<6>_PULLUP" (PULLUP) removed.
Unused block "datoSalida<7>_PULLUP" (PULLUP) removed.
Unused block "datoSalida<8>_PULLUP" (PULLUP) removed.
Unused block "datoSalida<9>_PULLUP" (PULLUP) removed.

Optimized Block(s):
TYPE 		BLOCK
GND 		XST_GND
VCC 		XST_VCC

To enable printing of redundant blocks removed and signals merged, set the
detailed map report option and rerun map.

Section 6 - IOB Properties
--------------------------

+---------------------------------------------------------------------------------------------------------------------------------------------------------+
| IOB Name                           | Type             | Direction | IO Standard          | Diff  | Drive    | Slew | Reg (s)      | Resistor | IOB      |
|                                    |                  |           |                      | Term  | Strength | Rate |              |          | Delay    |
+---------------------------------------------------------------------------------------------------------------------------------------------------------+
| DisplayS<0>                        | IOB              | OUTPUT    | LVCMOS25             |       | 12       | SLOW |              |          |          |
| DisplayS<1>                        | IOB              | OUTPUT    | LVCMOS25             |       | 12       | SLOW |              |          |          |
| DisplayS<2>                        | IOB              | OUTPUT    | LVCMOS25             |       | 12       | SLOW |              |          |          |
| DisplayS<3>                        | IOB              | OUTPUT    | LVCMOS25             |       | 12       | SLOW |              |          |          |
| LEDSlecturaEscrituraSalida<0>      | IOB              | OUTPUT    | LVCMOS25             |       | 12       | SLOW |              |          |          |
| LEDSlecturaEscrituraSalida<1>      | IOB              | OUTPUT    | LVCMOS25             |       | 12       | SLOW |              |          |          |
| LEDsExitoFalloS<0>                 | IOB              | OUTPUT    | LVCMOS25             |       | 12       | SLOW |              |          |          |
| LEDsExitoFalloS<1>                 | IOB              | OUTPUT    | LVCMOS25             |       | 12       | SLOW |              |          |          |
| SieteSegmentosS<0>                 | IOB              | OUTPUT    | LVCMOS25             |       | 12       | SLOW |              |          |          |
| SieteSegmentosS<1>                 | IOB              | OUTPUT    | LVCMOS25             |       | 12       | SLOW |              |          |          |
| SieteSegmentosS<2>                 | IOB              | OUTPUT    | LVCMOS25             |       | 12       | SLOW |              |          |          |
| SieteSegmentosS<3>                 | IOB              | OUTPUT    | LVCMOS25             |       | 12       | SLOW |              |          |          |
| SieteSegmentosS<4>                 | IOB              | OUTPUT    | LVCMOS25             |       | 12       | SLOW |              |          |          |
| SieteSegmentosS<5>                 | IOB              | OUTPUT    | LVCMOS25             |       | 12       | SLOW |              |          |          |
| SieteSegmentosS<6>                 | IOB              | OUTPUT    | LVCMOS25             |       | 12       | SLOW |              |          |          |
| WE                                 | IOB              | OUTPUT    | LVCMOS25             |       | 12       | SLOW |              |          |          |
| ceros<0>                           | IOB              | OUTPUT    | LVCMOS25             |       | 12       | SLOW |              |          |          |
| ceros<1>                           | IOB              | OUTPUT    | LVCMOS25             |       | 12       | SLOW |              |          |          |
| ceros<2>                           | IOB              | OUTPUT    | LVCMOS25             |       | 12       | SLOW |              |          |          |
| ceros<3>                           | IOB              | OUTPUT    | LVCMOS25             |       | 12       | SLOW |              |          |          |
| clk                                | IOB              | INPUT     | LVCMOS25             |       |          |      |              |          |          |
| datoSalida<0>                      | IOB              | BIDIR     | LVCMOS25             |       | 12       | SLOW |              | PULLUP   |          |
| datoSalida<1>                      | IOB              | BIDIR     | LVCMOS25             |       | 12       | SLOW |              | PULLUP   |          |
| datoSalida<2>                      | IOB              | BIDIR     | LVCMOS25             |       | 12       | SLOW |              | PULLUP   |          |
| datoSalida<3>                      | IOB              | BIDIR     | LVCMOS25             |       | 12       | SLOW |              | PULLUP   |          |
| datoSalida<4>                      | IOB              | OUTPUT    | LVCMOS25             |       | 12       | SLOW |              |          |          |
| datoSalida<5>                      | IOB              | OUTPUT    | LVCMOS25             |       | 12       | SLOW |              |          |          |
| datoSalida<6>                      | IOB              | OUTPUT    | LVCMOS25             |       | 12       | SLOW |              |          |          |
| datoSalida<7>                      | IOB              | OUTPUT    | LVCMOS25             |       | 12       | SLOW |              |          |          |
| datoSalida<8>                      | IOB              | OUTPUT    | LVCMOS25             |       | 12       | SLOW |              |          |          |
| datoSalida<9>                      | IOB              | OUTPUT    | LVCMOS25             |       | 12       | SLOW |              |          |          |
| datoSalida<10>                     | IOB              | OUTPUT    | LVCMOS25             |       | 12       | SLOW |              |          |          |
| datoSalida<11>                     | IOB              | OUTPUT    | LVCMOS25             |       | 12       | SLOW |              |          |          |
| datoSalida<12>                     | IOB              | OUTPUT    | LVCMOS25             |       | 12       | SLOW |              |          |          |
| datoSalida<13>                     | IOB              | OUTPUT    | LVCMOS25             |       | 12       | SLOW |              |          |          |
| datoSalida<14>                     | IOB              | OUTPUT    | LVCMOS25             |       | 12       | SLOW |              |          |          |
| datoSalida<15>                     | IOB              | OUTPUT    | LVCMOS25             |       | 12       | SLOW |              |          |          |
| direccionS<0>                      | IOB              | OUTPUT    | LVCMOS25             |       | 12       | SLOW |              |          |          |
| direccionS<1>                      | IOB              | OUTPUT    | LVCMOS25             |       | 12       | SLOW |              |          |          |
| direccionS<2>                      | IOB              | OUTPUT    | LVCMOS25             |       | 12       | SLOW |              |          |          |
| direccionS<3>                      | IOB              | OUTPUT    | LVCMOS25             |       | 12       | SLOW |              |          |          |
| direccionS<4>                      | IOB              | OUTPUT    | LVCMOS25             |       | 12       | SLOW |              |          |          |
| direccionS<5>                      | IOB              | OUTPUT    | LVCMOS25             |       | 12       | SLOW |              |          |          |
| direccionS<6>                      | IOB              | OUTPUT    | LVCMOS25             |       | 12       | SLOW |              |          |          |
| direccionS<7>                      | IOB              | OUTPUT    | LVCMOS25             |       | 12       | SLOW |              |          |          |
| direccionS<8>                      | IOB              | OUTPUT    | LVCMOS25             |       | 12       | SLOW |              |          |          |
| direccionS<9>                      | IOB              | OUTPUT    | LVCMOS25             |       | 12       | SLOW |              |          |          |
| direccionS<10>                     | IOB              | OUTPUT    | LVCMOS25             |       | 12       | SLOW |              |          |          |
| direccionS<11>                     | IOB              | OUTPUT    | LVCMOS25             |       | 12       | SLOW |              |          |          |
| direccionS<12>                     | IOB              | OUTPUT    | LVCMOS25             |       | 12       | SLOW |              |          |          |
| direccionS<13>                     | IOB              | OUTPUT    | LVCMOS25             |       | 12       | SLOW |              |          |          |
| direccionS<14>                     | IOB              | OUTPUT    | LVCMOS25             |       | 12       | SLOW |              |          |          |
| direccionS<15>                     | IOB              | OUTPUT    | LVCMOS25             |       | 12       | SLOW |              |          |          |
| direccionS<16>                     | IOB              | OUTPUT    | LVCMOS25             |       | 12       | SLOW |              |          |          |
| direccionS<17>                     | IOB              | OUTPUT    | LVCMOS25             |       | 12       | SLOW |              |          |          |
| interruptor<0>                     | IOB              | INPUT     | LVCMOS25             |       |          |      | INFF1        |          | IFD      |
| interruptor<1>                     | IOB              | INPUT     | LVCMOS25             |       |          |      | INFF1        |          | IFD      |
| puntoS                             | IOB              | OUTPUT    | LVCMOS25             |       | 12       | SLOW |              |          |          |
| reset                              | IOB              | INPUT     | LVCMOS25             |       |          |      |              |          |          |
+---------------------------------------------------------------------------------------------------------------------------------------------------------+

Section 7 - RPMs
----------------

Section 8 - Guide Report
------------------------
Guide not run on this design.

Section 9 - Area Group and Partition Summary
--------------------------------------------

Partition Implementation Status
-------------------------------

  No Partitions were found in this design.

-------------------------------

Area Group Information
----------------------

  No area groups were found in this design.

----------------------

Section 10 - Timing Report
--------------------------
This design was not run using timing mode.

Section 11 - Configuration String Details
-----------------------------------------
Use the "-detail" map option to print out Configuration Strings

Section 12 - Control Set Information
------------------------------------
No control set information for this architecture.

Section 13 - Utilization by Hierarchy
-------------------------------------
Use the "-detail" map option to print out the Utilization by Hierarchy section.
