Release 14.6 - xst P.68d (nt)
Copyright (c) 1995-2013 Xilinx, Inc.  All rights reserved.
--> Parameter TMPDIR set to xst/projnav.tmp


Total REAL time to Xst completion: 0.00 secs
Total CPU time to Xst completion: 0.18 secs
 
--> Parameter xsthdpdir set to xst


Total REAL time to Xst completion: 0.00 secs
Total CPU time to Xst completion: 0.18 secs
 
--> Reading design: MaquinaEstados.prj

TABLE OF CONTENTS
  1) Synthesis Options Summary
  2) HDL Compilation
  3) Design Hierarchy Analysis
  4) HDL Analysis
  5) HDL Synthesis
     5.1) HDL Synthesis Report
  6) Advanced HDL Synthesis
     6.1) Advanced HDL Synthesis Report
  7) Low Level Synthesis
  8) Partition Report
  9) Final Report
	9.1) Device utilization summary
	9.2) Partition Resource Summary
	9.3) TIMING REPORT


=========================================================================
*                      Synthesis Options Summary                        *
=========================================================================
---- Source Parameters
Input File Name                    : "MaquinaEstados.prj"
Input Format                       : mixed
Ignore Synthesis Constraint File   : NO

---- Target Parameters
Output File Name                   : "MaquinaEstados"
Output Format                      : NGC
Target Device                      : xc3s200-4-ft256

---- Source Options
Top Module Name                    : MaquinaEstados
Automatic FSM Extraction           : YES
FSM Encoding Algorithm             : Auto
Safe Implementation                : No
FSM Style                          : LUT
RAM Extraction                     : Yes
RAM Style                          : Auto
ROM Extraction                     : Yes
Mux Style                          : Auto
Decoder Extraction                 : YES
Priority Encoder Extraction        : Yes
Shift Register Extraction          : YES
Logical Shifter Extraction         : YES
XOR Collapsing                     : YES
ROM Style                          : Auto
Mux Extraction                     : Yes
Resource Sharing                   : YES
Asynchronous To Synchronous        : NO
Multiplier Style                   : Auto
Automatic Register Balancing       : No

---- Target Options
Add IO Buffers                     : YES
Global Maximum Fanout              : 100000
Add Generic Clock Buffer(BUFG)     : 8
Register Duplication               : YES
Slice Packing                      : YES
Optimize Instantiated Primitives   : NO
Use Clock Enable                   : Yes
Use Synchronous Set                : Yes
Use Synchronous Reset              : Yes
Pack IO Registers into IOBs        : Auto
Equivalent register Removal        : YES

---- General Options
Optimization Goal                  : Speed
Optimization Effort                : 1
Keep Hierarchy                     : No
Netlist Hierarchy                  : As_Optimized
RTL Output                         : Yes
Global Optimization                : AllClockNets
Read Cores                         : YES
Write Timing Constraints           : NO
Cross Clock Analysis               : NO
Hierarchy Separator                : /
Bus Delimiter                      : <>
Case Specifier                     : Maintain
Slice Utilization Ratio            : 100
BRAM Utilization Ratio             : 100
Verilog 2001                       : YES
Auto BRAM Packing                  : NO
Slice Utilization Ratio Delta      : 5

=========================================================================


=========================================================================
*                          HDL Compilation                              *
=========================================================================
Compiling verilog file "MaquinaEstados.v" in library work
Module <MaquinaEstados> compiled
No errors in compilation
Analysis of file <"MaquinaEstados.prj"> succeeded.
 

=========================================================================
*                     Design Hierarchy Analysis                         *
=========================================================================
Analyzing hierarchy for module <MaquinaEstados> in library <work> with parameters.
	s0 = "0000"
	s1 = "0001"
	s10 = "1010"
	s11 = "1011"
	s2 = "0010"
	s3 = "0011"
	s4 = "0100"
	s5 = "0101"
	s6 = "0110"
	s7 = "0111"
	s8 = "1000"
	s9 = "1001"


=========================================================================
*                            HDL Analysis                               *
=========================================================================
Analyzing top module <MaquinaEstados>.
	s0 = 4'b0000
	s1 = 4'b0001
	s10 = 4'b1010
	s11 = 4'b1011
	s2 = 4'b0010
	s3 = 4'b0011
	s4 = 4'b0100
	s5 = 4'b0101
	s6 = 4'b0110
	s7 = 4'b0111
	s8 = 4'b1000
	s9 = 4'b1001
Module <MaquinaEstados> is correct for synthesis.
 

=========================================================================
*                           HDL Synthesis                               *
=========================================================================

Performing bidirectional port resolution...

Synthesizing Unit <MaquinaEstados>.
    Related source file is "MaquinaEstados.v".
    Found finite state machine <FSM_0> for signal <state>.
    -----------------------------------------------------------------------
    | States             | 12                                             |
    | Transitions        | 13                                             |
    | Inputs             | 1                                              |
    | Outputs            | 6                                              |
    | Clock              | clk                       (rising_edge)        |
    | Reset              | reset_sinc                (positive)           |
    | Reset type         | synchronous                                    |
    | Reset State        | 0000                                           |
    | Encoding           | automatic                                      |
    | Implementation     | LUT                                            |
    -----------------------------------------------------------------------
    Summary:
	inferred   1 Finite State Machine(s).
Unit <MaquinaEstados> synthesized.


=========================================================================
HDL Synthesis Report

Found no macro
=========================================================================

=========================================================================
*                       Advanced HDL Synthesis                          *
=========================================================================

Analyzing FSM <FSM_0> for best encoding.
Optimizing FSM <state/FSM> on signal <state[1:12]> with one-hot encoding.
-----------------------
 State | Encoding
-----------------------
 0000  | 000000000001
 0001  | 000000000010
 0010  | 000000000100
 0011  | 000000001000
 0100  | 000000010000
 0101  | 000000100000
 0110  | 000001000000
 0111  | 000010000000
 1000  | 000100000000
 1001  | 010000000000
 1010  | 001000000000
 1011  | 100000000000
-----------------------

=========================================================================
Advanced HDL Synthesis Report

Macro Statistics
# FSMs                                                 : 1

=========================================================================

=========================================================================
*                         Low Level Synthesis                           *
=========================================================================

Optimizing unit <MaquinaEstados> ...

Mapping all equations...
Building and optimizing final netlist ...
Found area constraint ratio of 100 (+ 5) on block MaquinaEstados, actual ratio is 0.

Final Macro Processing ...

=========================================================================
Final Register Report

Macro Statistics
# Registers                                            : 12
 Flip-Flops                                            : 12

=========================================================================

=========================================================================
*                           Partition Report                            *
=========================================================================

Partition Implementation Status
-------------------------------

  No Partitions were found in this design.

-------------------------------

=========================================================================
*                            Final Report                               *
=========================================================================
Final Results
RTL Top Level Output File Name     : MaquinaEstados.ngr
Top Level Output File Name         : MaquinaEstados
Output Format                      : NGC
Optimization Goal                  : Speed
Keep Hierarchy                     : No

Design Statistics
# IOs                              : 9

Cell Usage :
# BELS                             : 10
#      GND                         : 1
#      LUT2                        : 5
#      LUT3                        : 1
#      LUT4                        : 2
#      MUXF5                       : 1
# FlipFlops/Latches                : 12
#      FDR                         : 11
#      FDS                         : 1
# Clock Buffers                    : 1
#      BUFGP                       : 1
# IO Buffers                       : 8
#      IBUF                        : 2
#      OBUF                        : 6
=========================================================================

Device utilization summary:
---------------------------

Selected Device : 3s200ft256-4 

 Number of Slices:                        8  out of   1920     0%  
 Number of Slice Flip Flops:             12  out of   3840     0%  
 Number of 4 input LUTs:                  8  out of   3840     0%  
 Number of IOs:                           9
 Number of bonded IOBs:                   9  out of    173     5%  
 Number of GCLKs:                         1  out of      8    12%  

---------------------------
Partition Resource Summary:
---------------------------

  No Partitions were found in this design.

---------------------------


=========================================================================
TIMING REPORT

NOTE: THESE TIMING NUMBERS ARE ONLY A SYNTHESIS ESTIMATE.
      FOR ACCURATE TIMING INFORMATION PLEASE REFER TO THE TRACE REPORT
      GENERATED AFTER PLACE-and-ROUTE.

Clock Information:
------------------
-----------------------------------+------------------------+-------+
Clock Signal                       | Clock buffer(FF name)  | Load  |
-----------------------------------+------------------------+-------+
clk                                | BUFGP                  | 12    |
-----------------------------------+------------------------+-------+

Asynchronous Control Signals Information:
----------------------------------------
No asynchronous control signals found in this design

Timing Summary:
---------------
Speed Grade: -4

   Minimum period: 2.720ns (Maximum Frequency: 367.647MHz)
   Minimum input arrival time before clock: 2.965ns
   Maximum output required time after clock: 10.340ns
   Maximum combinational path delay: No path found

Timing Detail:
--------------
All values displayed in nanoseconds (ns)

=========================================================================
Timing constraint: Default period analysis for Clock 'clk'
  Clock period: 2.720ns (frequency: 367.647MHz)
  Total number of paths / destination ports: 13 / 12
-------------------------------------------------------------------------
Delay:               2.720ns (Levels of Logic = 1)
  Source:            state_FSM_FFd1 (FF)
  Destination:       state_FSM_FFd12 (FF)
  Source Clock:      clk rising
  Destination Clock: clk rising

  Data Path: state_FSM_FFd1 to state_FSM_FFd12
                                Gate     Net
    Cell:in->out      fanout   Delay   Delay  Logical Name (Net Name)
    ----------------------------------------  ------------
     FDR:C->Q              3   0.720   1.246  state_FSM_FFd1 (state_FSM_FFd1)
     LUT2:I0->O            2   0.551   0.000  state_FSM_Out51 (solicitar_direccionS_OBUF)
     FDS:D                     0.203          state_FSM_FFd12
    ----------------------------------------
    Total                      2.720ns (1.474ns logic, 1.246ns route)
                                       (54.2% logic, 45.8% route)

=========================================================================
Timing constraint: Default OFFSET IN BEFORE for Clock 'clk'
  Total number of paths / destination ports: 14 / 14
-------------------------------------------------------------------------
Offset:              2.965ns (Levels of Logic = 1)
  Source:            reset_sinc (PAD)
  Destination:       state_FSM_FFd3 (FF)
  Destination Clock: clk rising

  Data Path: reset_sinc to state_FSM_FFd3
                                Gate     Net
    Cell:in->out      fanout   Delay   Delay  Logical Name (Net Name)
    ----------------------------------------  ------------
     IBUF:I->O            12   0.821   1.118  reset_sinc_IBUF (reset_sinc_IBUF)
     FDR:R                     1.026          state_FSM_FFd3
    ----------------------------------------
    Total                      2.965ns (1.847ns logic, 1.118ns route)
                                       (62.3% logic, 37.7% route)

=========================================================================
Timing constraint: Default OFFSET OUT AFTER for Clock 'clk'
  Total number of paths / destination ports: 18 / 6
-------------------------------------------------------------------------
Offset:              10.340ns (Levels of Logic = 3)
  Source:            state_FSM_FFd11 (FF)
  Destination:       write_dato_controlS (PAD)
  Source Clock:      clk rising

  Data Path: state_FSM_FFd11 to write_dato_controlS
                                Gate     Net
    Cell:in->out      fanout   Delay   Delay  Logical Name (Net Name)
    ----------------------------------------  ------------
     FDR:C->Q              3   0.720   1.246  state_FSM_FFd11 (state_FSM_FFd11)
     LUT3:I0->O            1   0.551   0.827  state_FSM_Out4_SW0 (N2)
     LUT4:I3->O            1   0.551   0.801  state_FSM_Out4 (write_dato_controlS_OBUF)
     OBUF:I->O                 5.644          write_dato_controlS_OBUF (write_dato_controlS)
    ----------------------------------------
    Total                     10.340ns (7.466ns logic, 2.874ns route)
                                       (72.2% logic, 27.8% route)

=========================================================================


Total REAL time to Xst completion: 7.00 secs
Total CPU time to Xst completion: 6.83 secs
 
--> 

Total memory usage is 202620 kilobytes

Number of errors   :    0 (   0 filtered)
Number of warnings :    0 (   0 filtered)
Number of infos    :    0 (   0 filtered)

