Release 14.6 - ngc2edif P.68d (nt64)
Copyright (c) 1995-2013 Xilinx, Inc.  All rights reserved.
Reading design Laboratorio3.ngc ...
WARNING:NetListWriters:298 - No output is written to Laboratorio3.xncf, ignored.
Processing design ...
   Preping design's networks ...
   Preping design's macros ...
  finished :Prep
Writing EDIF netlist file Laboratorio3.edif ...
ngc2edif: Total memory usage is 78724 kilobytes

Release 14.6 - ngc2edif P.68d (nt64)
Copyright (c) 1995-2013 Xilinx, Inc.  All rights reserved.
Reading design Laboratorio3.ngc ...
WARNING:NetListWriters:298 - No output is written to Laboratorio3.xncf, ignored.
Processing design ...
   Preping design's networks ...
   Preping design's macros ...
  finished :Prep
Writing EDIF netlist file Laboratorio3.edif ...
ngc2edif: Total memory usage is 78724 kilobytes

Release 14.6 - ngc2edif P.68d (nt64)
Copyright (c) 1995-2013 Xilinx, Inc.  All rights reserved.
Reading design Laboratorio3.ngc ...
WARNING:NetListWriters:298 - No output is written to Laboratorio3.xncf, ignored.
Processing design ...
   Preping design's networks ...
   Preping design's macros ...
  finished :Prep
Writing EDIF netlist file Laboratorio3.edif ...
ngc2edif: Total memory usage is 79492 kilobytes

Release 14.6 - ngc2edif P.68d (nt64)
Copyright (c) 1995-2013 Xilinx, Inc.  All rights reserved.
Reading design Laboratorio3.ngc ...
WARNING:NetListWriters:298 - No output is written to Laboratorio3.xncf, ignored.
Processing design ...
   Preping design's networks ...
   Preping design's macros ...
  finished :Prep
Writing EDIF netlist file Laboratorio3.edif ...
ngc2edif: Total memory usage is 78724 kilobytes

Release 14.6 - ngc2edif P.68d (nt64)
Copyright (c) 1995-2013 Xilinx, Inc.  All rights reserved.
Reading design Laboratorio3.ngc ...
WARNING:NetListWriters:298 - No output is written to Laboratorio3.xncf, ignored.
Processing design ...
   Preping design's networks ...
   Preping design's macros ...
  finished :Prep
Writing EDIF netlist file Laboratorio3.edif ...
ngc2edif: Total memory usage is 78724 kilobytes

Release 14.6 - ngc2edif P.68d (nt64)
Copyright (c) 1995-2013 Xilinx, Inc.  All rights reserved.
Reading design Laboratorio3.ngc ...
WARNING:NetListWriters:298 - No output is written to Laboratorio3.xncf, ignored.
Processing design ...
   Preping design's networks ...
   Preping design's macros ...
  finished :Prep
Writing EDIF netlist file Laboratorio3.edif ...
ngc2edif: Total memory usage is 79172 kilobytes

Release 14.6 - ngc2edif P.68d (nt64)
Copyright (c) 1995-2013 Xilinx, Inc.  All rights reserved.
Reading design Laboratorio3.ngc ...
WARNING:NetListWriters:298 - No output is written to Laboratorio3.xncf, ignored.
Processing design ...
   Preping design's networks ...
   Preping design's macros ...
  finished :Prep
Writing EDIF netlist file Laboratorio3.edif ...
ngc2edif: Total memory usage is 78916 kilobytes

