Command line:
   PruebasComparador_isim_beh.exe
     -simmode  gui
     -simrunnum  0
     -socket  56664

Wed Sep 25 04:42:16 2013


 Elaboration Time: 0.0624 sec

 Current Memory Usage: 812.876 Meg

 Total Signals          : 21
 Total Nets             : 33
 Total Signal Drivers   : 13
 Total Blocks           : 5
 Total Primitive Blocks : 4
 Total Processes        : 13
 Total Traceable Variables  : 28
 Total Scalar Nets and Variables : 475
Total Line Count : 34

 Total Simulation Time: 0.0936 sec

 Current Memory Usage: 812.876 Meg

Wed Sep 25 04:42:32 2013

