#-----------------------------------------------------------
# PlanAhead v14.6 (64-bit)
# Build 269223 by xbuild on Wed Jun  5 11:14:03 MDT 2013
# Start of session at: Fri Sep 06 23:11:00 2013
# Process ID: 4060
# Log file: C:/Users/Kenneth/Laboratorio2/planAhead_run_3/planAhead.log
# Journal file: C:/Users/Kenneth/Laboratorio2/planAhead_run_3/planAhead.jou
#-----------------------------------------------------------
INFO: [Common 17-78] Attempting to get a license: PlanAhead
INFO: [Common 17-290] Got license for PlanAhead
INFO: [Device 21-36] Loading parts and site information from C:/Xilinx/14.6/ISE_DS/PlanAhead/data/parts/arch.xml
Parsing RTL primitives file [C:/Xilinx/14.6/ISE_DS/PlanAhead/data/parts/xilinx/rtl/prims/rtl_prims.xml]
Finished parsing RTL primitives file [C:/Xilinx/14.6/ISE_DS/PlanAhead/data/parts/xilinx/rtl/prims/rtl_prims.xml]
start_gui
source C:/Users/Kenneth/Laboratorio2/pa.fromNetlist.tcl
# create_project -name Laboratorio2 -dir "C:/Users/Kenneth/Laboratorio2/planAhead_run_3" -part xc3s200ft256-4
create_project: Time (s): elapsed = 00:00:06 . Memory (MB): peak = 458.215 ; gain = 68.641
# set_property design_mode GateLvl [get_property srcset [current_run -impl]]
# set_property edif_top_file "C:/Users/Kenneth/Laboratorio2/ControladorLucesSemaforo.ngc" [ get_property srcset [ current_run ] ]
# add_files -norecurse { {C:/Users/Kenneth/Laboratorio2} }
# set_property target_constrs_file "ControladorLucesSemaforo.ucf" [current_fileset -constrset]
Adding file 'C:/Users/Kenneth/Laboratorio2/ControladorLucesSemaforo.ucf' to fileset 'constrs_1'
# add_files [list {ControladorLucesSemaforo.ucf}] -fileset [get_property constrset [current_run]]
# link_design
Design is defaulting to srcset: sources_1
Design is defaulting to constrset: constrs_1
Design is defaulting to project part: xc3s200ft256-4
Release 14.6 - ngc2edif P.68d (nt64)
Copyright (c) 1995-2013 Xilinx, Inc.  All rights reserved.
Reading design ControladorLucesSemaforo.ngc ...
WARNING:NetListWriters:298 - No output is written to
   ControladorLucesSemaforo.xncf, ignored.
Processing design ...
   Preping design's networks ...
   Preping design's macros ...
  finished :Prep
Writing EDIF netlist file ControladorLucesSemaforo.edif ...
ngc2edif: Total memory usage is 79244 kilobytes

Parsing EDIF File [./planAhead_run_3/Laboratorio2.data/cache/ControladorLucesSemaforo_ngc_zx.edif]
Finished Parsing EDIF File [./planAhead_run_3/Laboratorio2.data/cache/ControladorLucesSemaforo_ngc_zx.edif]
INFO: [Designutils 20-910] Reading macro library C:/Xilinx/14.6/ISE_DS/PlanAhead/data\./parts/xilinx/spartan3/hd_int_macros.edn
Parsing EDIF File [C:/Xilinx/14.6/ISE_DS/PlanAhead/data\./parts/xilinx/spartan3/hd_int_macros.edn]
Finished Parsing EDIF File [C:/Xilinx/14.6/ISE_DS/PlanAhead/data\./parts/xilinx/spartan3/hd_int_macros.edn]
Loading clock regions from C:/Xilinx/14.6/ISE_DS/PlanAhead/data\parts/xilinx/spartan3/spartan3/xc3s200/ClockRegion.xml
Loading clock buffers from C:/Xilinx/14.6/ISE_DS/PlanAhead/data\parts/xilinx/spartan3/spartan3/xc3s200/ClockBuffers.xml
Loading package from C:/Xilinx/14.6/ISE_DS/PlanAhead/data\parts/xilinx/spartan3/spartan3/xc3s200/ft256/Package.xml
Loading io standards from C:/Xilinx/14.6/ISE_DS/PlanAhead/data\./parts/xilinx/spartan3/IOStandards.xml
INFO: [Device 21-19] Loading pkg sso from C:/Xilinx/14.6/ISE_DS/PlanAhead/data\parts/xilinx/spartan3/spartan3/xc3s200/ft256/SSORules.xml
Loading list of drcs for the architecture : C:/Xilinx/14.6/ISE_DS/PlanAhead/data\./parts/xilinx/spartan3/drc.xml
INFO: [Timing 38-77] Reading timing library C:/Xilinx/14.6/ISE_DS/PlanAhead/data\parts/xilinx/spartan3/spartan3/spartan3-4.lib.
INFO: [Timing 38-34] Done reading timing library C:/Xilinx/14.6/ISE_DS/PlanAhead/data\parts/xilinx/spartan3/spartan3/spartan3-4.lib.
Parsing UCF File [C:/Users/Kenneth/Laboratorio2/ControladorLucesSemaforo.ucf]
CRITICAL WARNING: [Constraints 18-11] Could not find net or pin 'Walk_Request' [C:/Users/Kenneth/Laboratorio2/ControladorLucesSemaforo.ucf:19]
Finished Parsing UCF File [C:/Users/Kenneth/Laboratorio2/ControladorLucesSemaforo.ucf]
INFO: [Designutils 20-20] Invalid constraints found, use command 'write_ucf -constraints invalid <file>' to save all the invalid constraints to a file
INFO: [Project 1-111] Unisim Transformation Summary:
No Unisim elements were transformed.

Phase 0 | Netlist Checksum: 33aed113
link_design: Time (s): elapsed = 00:00:20 . Memory (MB): peak = 590.078 ; gain = 125.207
startgroup
set_property package_pin L13 [get_ports {Walk_Request[1]}]
endgroup
startgroup
set_property package_pin L14 [get_ports {Walk_Request[0]}]
endgroup
save_constraints
exit
ERROR: [PlanAhead 12-106] *** Exception: ui.h.b: Found deleted key in HTclEventBroker. Verify if the classes listed here call cleanup()
HTclEvent: SIGNAL_MODIFY   Classes: ui.views.aR 
HTclEvent: DEBUG_CORE_CONFIG_CHANGE   Classes: ui.views.aR 
HTclEvent: DEBUG_PORT_CONFIG_CHANGE   Classes: ui.views.aR 
HTclEvent: SIGNAL_BUS_MODIFY   Classes: ui.views.aR 
 (See C:/Users/Kenneth/Laboratorio2\planAhead_pid4060.debug)
ERROR: [Common 17-39] 'stop_gui' failed due to earlier errors.
INFO: [Common 17-206] Exiting PlanAhead at Fri Sep 06 23:12:35 2013...
INFO: [Common 17-83] Releasing license: PlanAhead
