Command line:
   PruebasGeneral_isim_map.exe
     -simmode  gui
     -simrunnum  0
     -socket  53046

Wed Sep 04 20:45:03 2013


 Elaboration Time: 0.280802 sec

 Current Memory Usage: 822.792 Meg

 Total Signals          : 5593
 Total Nets             : 3105
 Total Signal Drivers   : 3155
 Total Blocks           : 812
 Total Primitive Blocks : 594
 Total Processes        : 4278
 Total Traceable Variables  : 1724
 Total Scalar Nets and Variables : 49976
Total Line Count : 3552

 Total Simulation Time: 157.343 sec

 Current Memory Usage: 823.841 Meg

Wed Sep 04 20:47:50 2013

