Command line:
   PruebasDivisor_isim_beh.exe
     -simmode  gui
     -simrunnum  0
     -socket  56793

Wed Sep 25 04:50:40 2013


 Elaboration Time: 0.0468 sec

 Current Memory Usage: 812.745 Meg

 Total Signals          : 17
 Total Nets             : 17
 Total Signal Drivers   : 9
 Total Blocks           : 5
 Total Primitive Blocks : 4
 Total Processes        : 13
 Total Traceable Variables  : 30
 Total Scalar Nets and Variables : 485
Total Line Count : 35

 Total Simulation Time: 9.39126 sec

 Current Memory Usage: 812.745 Meg

Wed Sep 25 04:50:57 2013

