Release 14.6 - xst P.68d (nt)
Copyright (c) 1995-2013 Xilinx, Inc.  All rights reserved.
--> Parameter TMPDIR set to xst/projnav.tmp


Total REAL time to Xst completion: 0.00 secs
Total CPU time to Xst completion: 0.21 secs
 
--> Parameter xsthdpdir set to xst


Total REAL time to Xst completion: 0.00 secs
Total CPU time to Xst completion: 0.22 secs
 
--> Reading design: MemoriaColision.prj

TABLE OF CONTENTS
  1) Synthesis Options Summary
  2) HDL Compilation
  3) Design Hierarchy Analysis
  4) HDL Analysis
  5) HDL Synthesis
     5.1) HDL Synthesis Report
  6) Advanced HDL Synthesis
     6.1) Advanced HDL Synthesis Report
  7) Low Level Synthesis
  8) Partition Report
  9) Final Report
	9.1) Device utilization summary
	9.2) Partition Resource Summary
	9.3) TIMING REPORT


=========================================================================
*                      Synthesis Options Summary                        *
=========================================================================
---- Source Parameters
Input File Name                    : "MemoriaColision.prj"
Input Format                       : mixed
Ignore Synthesis Constraint File   : NO

---- Target Parameters
Output File Name                   : "MemoriaColision"
Output Format                      : NGC
Target Device                      : xc3s200-4-ft256

---- Source Options
Top Module Name                    : MemoriaColision
Automatic FSM Extraction           : YES
FSM Encoding Algorithm             : Auto
Safe Implementation                : No
FSM Style                          : LUT
RAM Extraction                     : Yes
RAM Style                          : Auto
ROM Extraction                     : Yes
Mux Style                          : Auto
Decoder Extraction                 : YES
Priority Encoder Extraction        : Yes
Shift Register Extraction          : YES
Logical Shifter Extraction         : YES
XOR Collapsing                     : YES
ROM Style                          : Auto
Mux Extraction                     : Yes
Resource Sharing                   : YES
Asynchronous To Synchronous        : NO
Multiplier Style                   : Auto
Automatic Register Balancing       : No

---- Target Options
Add IO Buffers                     : YES
Global Maximum Fanout              : 500
Add Generic Clock Buffer(BUFG)     : 8
Register Duplication               : YES
Slice Packing                      : YES
Optimize Instantiated Primitives   : NO
Use Clock Enable                   : Yes
Use Synchronous Set                : Yes
Use Synchronous Reset              : Yes
Pack IO Registers into IOBs        : Auto
Equivalent register Removal        : YES

---- General Options
Optimization Goal                  : Speed
Optimization Effort                : 1
Keep Hierarchy                     : No
Netlist Hierarchy                  : As_Optimized
RTL Output                         : Yes
Global Optimization                : AllClockNets
Read Cores                         : YES
Write Timing Constraints           : NO
Cross Clock Analysis               : NO
Hierarchy Separator                : /
Bus Delimiter                      : <>
Case Specifier                     : Maintain
Slice Utilization Ratio            : 100
BRAM Utilization Ratio             : 100
Verilog 2001                       : YES
Auto BRAM Packing                  : NO
Slice Utilization Ratio Delta      : 5

=========================================================================


=========================================================================
*                          HDL Compilation                              *
=========================================================================
Compiling verilog file "MemoriaColision.v" in library work
Module <MemoriaColision> compiled
No errors in compilation
Analysis of file <"MemoriaColision.prj"> succeeded.
 

=========================================================================
*                     Design Hierarchy Analysis                         *
=========================================================================
Analyzing hierarchy for module <MemoriaColision> in library <work>.


=========================================================================
*                            HDL Analysis                               *
=========================================================================
Analyzing top module <MemoriaColision>.
Module <MemoriaColision> is correct for synthesis.
 

=========================================================================
*                           HDL Synthesis                               *
=========================================================================

Performing bidirectional port resolution...
INFO:Xst:2679 - Register <almacenamiendo<3>> in unit <MemoriaColision> has a constant value of 0 during circuit operation. The register is replaced by logic.
INFO:Xst:2679 - Register <almacenamiendo<2>> in unit <MemoriaColision> has a constant value of 0 during circuit operation. The register is replaced by logic.

Synthesizing Unit <MemoriaColision>.
    Related source file is "MemoriaColision.v".
WARNING:Xst:737 - Found 1-bit latch for signal <almacenamiendo_1>. Latches may be generated from incomplete case or if statements. We do not recommend the use of latches in FPGA/CPLD designs, as they may lead to timing problems.
INFO:Xst:2371 - HDL ADVISOR - Logic functions respectively driving the data and gate enable inputs of this latch share common terms. This situation will potentially lead to setup/hold violations and, as a result, to simulation problems. This situation may come from an incomplete case statement (all selector values are not covered). You should carefully review if it was in your intentions to describe such a latch.
WARNING:Xst:737 - Found 1-bit latch for signal <almacenamiendo_0>. Latches may be generated from incomplete case or if statements. We do not recommend the use of latches in FPGA/CPLD designs, as they may lead to timing problems.
INFO:Xst:2371 - HDL ADVISOR - Logic functions respectively driving the data and gate enable inputs of this latch share common terms. This situation will potentially lead to setup/hold violations and, as a result, to simulation problems. This situation may come from an incomplete case statement (all selector values are not covered). You should carefully review if it was in your intentions to describe such a latch.
Unit <MemoriaColision> synthesized.


=========================================================================
HDL Synthesis Report

Macro Statistics
# Latches                                              : 2
 1-bit latch                                           : 2

=========================================================================

=========================================================================
*                       Advanced HDL Synthesis                          *
=========================================================================


=========================================================================
Advanced HDL Synthesis Report

Macro Statistics
# Latches                                              : 2
 1-bit latch                                           : 2

=========================================================================

=========================================================================
*                         Low Level Synthesis                           *
=========================================================================

Optimizing unit <MemoriaColision> ...

Mapping all equations...
Building and optimizing final netlist ...
Found area constraint ratio of 100 (+ 5) on block MemoriaColision, actual ratio is 0.

Final Macro Processing ...

=========================================================================
Final Register Report

Found no macro
=========================================================================

=========================================================================
*                           Partition Report                            *
=========================================================================

Partition Implementation Status
-------------------------------

  No Partitions were found in this design.

-------------------------------

=========================================================================
*                            Final Report                               *
=========================================================================
Final Results
RTL Top Level Output File Name     : MemoriaColision.ngr
Top Level Output File Name         : MemoriaColision
Output Format                      : NGC
Optimization Goal                  : Speed
Keep Hierarchy                     : No

Design Statistics
# IOs                              : 10

Cell Usage :
# BELS                             : 6
#      GND                         : 1
#      LUT3                        : 3
#      LUT4                        : 2
# FlipFlops/Latches                : 2
#      LD                          : 2
# IO Buffers                       : 10
#      IBUF                        : 6
#      OBUF                        : 4
=========================================================================

Device utilization summary:
---------------------------

Selected Device : 3s200ft256-4 

 Number of Slices:                        3  out of   1920     0%  
 Number of 4 input LUTs:                  5  out of   3840     0%  
 Number of IOs:                          10
 Number of bonded IOBs:                  10  out of    173     5%  
    IOB Flip Flops:                       2

---------------------------
Partition Resource Summary:
---------------------------

  No Partitions were found in this design.

---------------------------


=========================================================================
TIMING REPORT

NOTE: THESE TIMING NUMBERS ARE ONLY A SYNTHESIS ESTIMATE.
      FOR ACCURATE TIMING INFORMATION PLEASE REFER TO THE TRACE REPORT
      GENERATED AFTER PLACE-and-ROUTE.

Clock Information:
------------------
-----------------------------------------------------+--------------------------+-------+
Clock Signal                                         | Clock buffer(FF name)    | Load  |
-----------------------------------------------------+--------------------------+-------+
almacenamiendo_0_not0001(almacenamiendo_0_not00013:O)| NONE(*)(almacenamiendo_0)| 1     |
almacenamiendo_1_not0001(almacenamiendo_1_not00012:O)| NONE(*)(almacenamiendo_1)| 1     |
-----------------------------------------------------+--------------------------+-------+
(*) These 2 clock signal(s) are generated by combinatorial logic,
and XST is not able to identify which are the primary clock signals.
Please use the CLOCK_SIGNAL constraint to specify the clock signal(s) generated by combinatorial logic.
INFO:Xst:2169 - HDL ADVISOR - Some clock signals were not automatically buffered by XST with BUFG/BUFR resources. Please use the buffer_type constraint in order to insert these buffers to the clock signals to help prevent skew problems.

Asynchronous Control Signals Information:
----------------------------------------
No asynchronous control signals found in this design

Timing Summary:
---------------
Speed Grade: -4

   Minimum period: No path found
   Minimum input arrival time before clock: 4.251ns
   Maximum output required time after clock: 7.078ns
   Maximum combinational path delay: No path found

Timing Detail:
--------------
All values displayed in nanoseconds (ns)

=========================================================================
Timing constraint: Default OFFSET IN BEFORE for Clock 'almacenamiendo_0_not0001'
  Total number of paths / destination ports: 5 / 1
-------------------------------------------------------------------------
Offset:              4.251ns (Levels of Logic = 3)
  Source:            WE (PAD)
  Destination:       almacenamiendo_0 (LATCH)
  Destination Clock: almacenamiendo_0_not0001 falling

  Data Path: WE to almacenamiendo_0
                                Gate     Net
    Cell:in->out      fanout   Delay   Delay  Logical Name (Net Name)
    ----------------------------------------  ------------
     IBUF:I->O             1   0.821   1.140  WE_IBUF (WE_IBUF)
     LUT3:I0->O            4   0.551   0.985  almacenamiendo_0_not000111 (N0)
     LUT3:I2->O            1   0.551   0.000  almacenamiendo_0_not000121 (almacenamiendo_0_mux0000)
     LD:D                      0.203          almacenamiendo_0
    ----------------------------------------
    Total                      4.251ns (2.126ns logic, 2.125ns route)
                                       (50.0% logic, 50.0% route)

=========================================================================
Timing constraint: Default OFFSET IN BEFORE for Clock 'almacenamiendo_1_not0001'
  Total number of paths / destination ports: 5 / 1
-------------------------------------------------------------------------
Offset:              4.251ns (Levels of Logic = 3)
  Source:            WE (PAD)
  Destination:       almacenamiendo_1 (LATCH)
  Destination Clock: almacenamiendo_1_not0001 falling

  Data Path: WE to almacenamiendo_1
                                Gate     Net
    Cell:in->out      fanout   Delay   Delay  Logical Name (Net Name)
    ----------------------------------------  ------------
     IBUF:I->O             1   0.821   1.140  WE_IBUF (WE_IBUF)
     LUT3:I0->O            4   0.551   0.985  almacenamiendo_0_not000111 (N0)
     LUT3:I2->O            1   0.551   0.000  almacenamiendo_1_not000111 (almacenamiendo_1_mux0000)
     LD:D                      0.203          almacenamiendo_1
    ----------------------------------------
    Total                      4.251ns (2.126ns logic, 2.125ns route)
                                       (50.0% logic, 50.0% route)

=========================================================================
Timing constraint: Default OFFSET OUT AFTER for Clock 'almacenamiendo_1_not0001'
  Total number of paths / destination ports: 1 / 1
-------------------------------------------------------------------------
Offset:              7.078ns (Levels of Logic = 1)
  Source:            almacenamiendo_1 (LATCH)
  Destination:       tipoColSalida<1> (PAD)
  Source Clock:      almacenamiendo_1_not0001 falling

  Data Path: almacenamiendo_1 to tipoColSalida<1>
                                Gate     Net
    Cell:in->out      fanout   Delay   Delay  Logical Name (Net Name)
    ----------------------------------------  ------------
     LD:G->Q               1   0.633   0.801  almacenamiendo_1 (almacenamiendo_1)
     OBUF:I->O                 5.644          tipoColSalida_1_OBUF (tipoColSalida<1>)
    ----------------------------------------
    Total                      7.078ns (6.277ns logic, 0.801ns route)
                                       (88.7% logic, 11.3% route)

=========================================================================
Timing constraint: Default OFFSET OUT AFTER for Clock 'almacenamiendo_0_not0001'
  Total number of paths / destination ports: 1 / 1
-------------------------------------------------------------------------
Offset:              7.078ns (Levels of Logic = 1)
  Source:            almacenamiendo_0 (LATCH)
  Destination:       tipoColSalida<0> (PAD)
  Source Clock:      almacenamiendo_0_not0001 falling

  Data Path: almacenamiendo_0 to tipoColSalida<0>
                                Gate     Net
    Cell:in->out      fanout   Delay   Delay  Logical Name (Net Name)
    ----------------------------------------  ------------
     LD:G->Q               1   0.633   0.801  almacenamiendo_0 (almacenamiendo_0)
     OBUF:I->O                 5.644          tipoColSalida_0_OBUF (tipoColSalida<0>)
    ----------------------------------------
    Total                      7.078ns (6.277ns logic, 0.801ns route)
                                       (88.7% logic, 11.3% route)

=========================================================================


Total REAL time to Xst completion: 8.00 secs
Total CPU time to Xst completion: 8.48 secs
 
--> 

Total memory usage is 201532 kilobytes

Number of errors   :    0 (   0 filtered)
Number of warnings :    2 (   0 filtered)
Number of infos    :    5 (   0 filtered)

