Command line:
   ControladorLucesSemaforo_isim_beh.exe
     -simmode  gui
     -simrunnum  0
     -socket  53024

Wed Sep 04 20:44:14 2013


 Elaboration Time: 0.078 sec

 Current Memory Usage: 812.782 Meg

 Total Signals          : 60
 Total Nets             : 57
 Total Signal Drivers   : 16
 Total Blocks           : 8
 Total Primitive Blocks : 7
 Total Processes        : 31
 Total Traceable Variables  : 59
 Total Scalar Nets and Variables : 330
Total Line Count : 168

 Total Simulation Time: 0.078 sec

 Current Memory Usage: 812.782 Meg

Wed Sep 04 20:44:35 2013

