Command line:
   PruebasMaquinaEstados_isim_beh.exe
     -simmode  gui
     -simrunnum  0
     -socket  56815

Wed Sep 25 04:51:06 2013


 Elaboration Time: 0.0936 sec

 Current Memory Usage: 812.552 Meg

 Total Signals          : 29
 Total Nets             : 31
 Total Signal Drivers   : 19
 Total Blocks           : 5
 Total Primitive Blocks : 4
 Total Processes        : 24
 Total Traceable Variables  : 47
 Total Scalar Nets and Variables : 535
Total Line Count : 65

 Total Simulation Time: 0.1092 sec

 Current Memory Usage: 812.552 Meg

Wed Sep 25 04:51:28 2013

