#-----------------------------------------------------------
# PlanAhead v14.6
# Build 269223 by xbuild on Wed Jun  5 11:17:50 MDT 2013
# Start of session at: Wed Sep 04 13:45:18 2013
# Process ID: 580
# Log file: C:/Users/Zeck/Desktop/Laboratorio2/planAhead_run_2/planAhead.log
# Journal file: C:/Users/Zeck/Desktop/Laboratorio2/planAhead_run_2/planAhead.jou
#-----------------------------------------------------------
INFO: [Common 17-78] Attempting to get a license: PlanAhead
INFO: [Common 17-290] Got license for PlanAhead
INFO: [Device 21-36] Loading parts and site information from D:/Xilinx/14.6/ISE_DS/PlanAhead/data/parts/arch.xml
Parsing RTL primitives file [D:/Xilinx/14.6/ISE_DS/PlanAhead/data/parts/xilinx/rtl/prims/rtl_prims.xml]
Finished parsing RTL primitives file [D:/Xilinx/14.6/ISE_DS/PlanAhead/data/parts/xilinx/rtl/prims/rtl_prims.xml]
start_gui
source C:/Users/Zeck/Desktop/Laboratorio2/pa.fromNetlist.tcl
# create_project -name Laboratorio2 -dir "C:/Users/Zeck/Desktop/Laboratorio2/planAhead_run_2" -part xc3s200ft256-4
create_project: Time (s): elapsed = 00:00:09 . Memory (MB): peak = 350.746 ; gain = 27.121
# set_property design_mode GateLvl [get_property srcset [current_run -impl]]
# set_property edif_top_file "C:/Users/Zeck/Desktop/Laboratorio2/ControladorLucesSemaforo.ngc" [ get_property srcset [ current_run ] ]
# add_files -norecurse { {C:/Users/Zeck/Desktop/Laboratorio2} }
# set_property target_constrs_file "ControladorLucesSemaforo.ucf" [current_fileset -constrset]
Adding file 'C:/Users/Zeck/Desktop/Laboratorio2/ControladorLucesSemaforo.ucf' to fileset 'constrs_1'
# add_files [list {ControladorLucesSemaforo.ucf}] -fileset [get_property constrset [current_run]]
# link_design
Design is defaulting to srcset: sources_1
Design is defaulting to constrset: constrs_1
Design is defaulting to project part: xc3s200ft256-4
Release 14.6 - ngc2edif P.68d (nt)
Copyright (c) 1995-2013 Xilinx, Inc.  All rights reserved.

Release 14.6 - ngc2edif P.68d (nt)
Copyright (c) 1995-2013 Xilinx, Inc.  All rights reserved.
Reading design ControladorLucesSemaforo.ngc ...
WARNING:NetListWriters:298 - No output is written to
   ControladorLucesSemaforo.xncf, ignored.
Processing design ...
   Preping design's networks ...
   Preping design's macros ...
WARNING:NetListWriters:306 - Signal bus maqEstados/luces_mux0000<6 : 1> on block
   ControladorLucesSemaforo is not reconstructed, because there are some missing
   bus signals.
  finished :Prep
Writing EDIF netlist file ControladorLucesSemaforo.edif ...
ngc2edif: Total memory usage is 61300 kilobytes

Parsing EDIF File [./planAhead_run_2/Laboratorio2.data/cache/ControladorLucesSemaforo_ngc_zx.edif]
Finished Parsing EDIF File [./planAhead_run_2/Laboratorio2.data/cache/ControladorLucesSemaforo_ngc_zx.edif]
INFO: [Designutils 20-910] Reading macro library D:/Xilinx/14.6/ISE_DS/PlanAhead/data\./parts/xilinx/spartan3/hd_int_macros.edn
Parsing EDIF File [D:/Xilinx/14.6/ISE_DS/PlanAhead/data\./parts/xilinx/spartan3/hd_int_macros.edn]
Finished Parsing EDIF File [D:/Xilinx/14.6/ISE_DS/PlanAhead/data\./parts/xilinx/spartan3/hd_int_macros.edn]
Loading clock regions from D:/Xilinx/14.6/ISE_DS/PlanAhead/data\parts/xilinx/spartan3/spartan3/xc3s200/ClockRegion.xml
Loading clock buffers from D:/Xilinx/14.6/ISE_DS/PlanAhead/data\parts/xilinx/spartan3/spartan3/xc3s200/ClockBuffers.xml
Loading package from D:/Xilinx/14.6/ISE_DS/PlanAhead/data\parts/xilinx/spartan3/spartan3/xc3s200/ft256/Package.xml
Loading io standards from D:/Xilinx/14.6/ISE_DS/PlanAhead/data\./parts/xilinx/spartan3/IOStandards.xml
INFO: [Device 21-19] Loading pkg sso from D:/Xilinx/14.6/ISE_DS/PlanAhead/data\parts/xilinx/spartan3/spartan3/xc3s200/ft256/SSORules.xml
Loading list of drcs for the architecture : D:/Xilinx/14.6/ISE_DS/PlanAhead/data\./parts/xilinx/spartan3/drc.xml
INFO: [Timing 38-77] Reading timing library D:/Xilinx/14.6/ISE_DS/PlanAhead/data\parts/xilinx/spartan3/spartan3/spartan3-4.lib.
INFO: [Timing 38-34] Done reading timing library D:/Xilinx/14.6/ISE_DS/PlanAhead/data\parts/xilinx/spartan3/spartan3/spartan3-4.lib.
Parsing UCF File [C:/Users/Zeck/Desktop/Laboratorio2/ControladorLucesSemaforo.ucf]
Finished Parsing UCF File [C:/Users/Zeck/Desktop/Laboratorio2/ControladorLucesSemaforo.ucf]
INFO: [Project 1-111] Unisim Transformation Summary:
No Unisim elements were transformed.

Phase 0 | Netlist Checksum: b262d868
link_design: Time (s): elapsed = 00:00:16 . Memory (MB): peak = 423.273 ; gain = 61.266
exit
ERROR: [PlanAhead 12-106] *** Exception: ui.h.b: Found deleted key in HTclEventBroker. Verify if the classes listed here call cleanup()
HTclEvent: SIGNAL_BUS_MODIFY   Classes: ui.views.aR 
HTclEvent: SIGNAL_MODIFY   Classes: ui.views.aR 
HTclEvent: DEBUG_PORT_CONFIG_CHANGE   Classes: ui.views.aR 
HTclEvent: DEBUG_CORE_CONFIG_CHANGE   Classes: ui.views.aR 
 (See C:/Users/Zeck/Desktop/Laboratorio2\planAhead_pid580.debug)
ERROR: [Common 17-39] 'stop_gui' failed due to earlier errors.
INFO: [Common 17-206] Exiting PlanAhead at Wed Sep 04 13:47:17 2013...
INFO: [Common 17-83] Releasing license: PlanAhead
