Command line:
   PruebasDatoActual_isim_beh.exe
     -simmode  gui
     -simrunnum  0
     -socket  56771

Wed Sep 25 04:50:22 2013


 Elaboration Time: 0.0936 sec

 Current Memory Usage: 812.876 Meg

 Total Signals          : 19
 Total Nets             : 31
 Total Signal Drivers   : 11
 Total Blocks           : 5
 Total Primitive Blocks : 4
 Total Processes        : 12
 Total Traceable Variables  : 28
 Total Scalar Nets and Variables : 476
Total Line Count : 32

 Total Simulation Time: 0.0936 sec

 Current Memory Usage: 812.876 Meg

Wed Sep 25 04:50:30 2013

