Command line:
   MEMORIA_isim_beh.exe
     -simmode  gui
     -simrunnum  0
     -socket  57043

Wed Sep 25 05:04:33 2013


 Elaboration Time: 0.0624 sec

 Current Memory Usage: 812.589 Meg

 Total Signals          : 16
 Total Nets             : 22
 Total Signal Drivers   : 6
 Total Blocks           : 2
 Total Primitive Blocks : 2
 Total Processes        : 8
 Total Traceable Variables  : 21
 Total Scalar Nets and Variables : 178
Total Line Count : 21

 Total Simulation Time: 0.078 sec

 Current Memory Usage: 812.982 Meg

Wed Sep 25 05:04:38 2013

