iMPACT Version: 14.6

iMPACT log file Started on Wed Sep 04 20:16:47 2013

Welcome to iMPACT
iMPACT Version: 14.6
Project: 'C:\Users\Zeck\Desktop/\auto_project.ipf' already exists.
Original project has been renamed to'C:\Users\Zeck\Desktop/\auto_project_1.ipf'.
Project: C:\Users\Zeck\Desktop/\auto_project.ipf created.
// *** BATCH CMD : setMode -bs
GUI --- Auto connect to cable...
// *** BATCH CMD : setCable -port auto
INFO:iMPACT - Digilent Plugin: Plugin Version: 2.4.4
INFO:iMPACT - Digilent Plugin: found 1 device(s).
INFO:iMPACT - Digilent Plugin: opening device: "DCabUsb", SN:50003C005674
INFO:iMPACT - Digilent Plugin: User Name: DCabUsb
INFO:iMPACT - Digilent Plugin: Product Name: JTAG-USB Cable
INFO:iMPACT - Digilent Plugin: Serial Number: 50003C005674
INFO:iMPACT - Digilent Plugin: Product ID: 30100203
INFO:iMPACT - Digilent Plugin: Firmware Version: 0303
INFO:iMPACT - Digilent Plugin: JTAG Port Number: 0
INFO:iMPACT - Digilent Plugin: JTAG Clock Frequency: 1600000 Hz
Attempting to identify devices in the boundary-scan chain configuration...
INFO:iMPACT - Current time: 04/09/2013 08:16:53 p.m.
// *** BATCH CMD : Identify -inferir 
PROGRESS_START - Starting Operation.
Identifying chain contents...'0': : Manufacturer's ID = Xilinx xcf02s, Version : 0
INFO:iMPACT:1777 - 
   Reading D:/Xilinx/14.6/ISE_DS/ISE/xcf/data/xcf02s.bsd...
INFO:iMPACT:501 - '1': Added Device xcf02s successfully.
----------------------------------------------------------------------
'1': : Manufacturer's ID = Xilinx xc3s200, Version : 0
INFO:iMPACT:1777 - 
   Reading D:/Xilinx/14.6/ISE_DS/ISE/spartan3/data/xc3s200.bsd...
INFO:iMPACT:501 - '1': Added Device xc3s200 successfully.
----------------------------------------------------------------------
done.
PROGRESS_END - End Operation.
Elapsed time =      0 sec.
// *** BATCH CMD : identifyMPM 
// *** BATCH CMD : assignFile -p 1 -file"C:/Users/Zeck/Desktop/Laboratorio2/controladorlucessemaforo.bit"
'1': Loading file'C:/Users/Zeck/Desktop/Laboratorio2/controladorlucessemaforo.bit' ...
done.
UserID read from the bitstream file = 0xFFFFFFFF.
----------------------------------------------------------------------
INFO:iMPACT:501 - '1': Added Device xc3s200 successfully.
----------------------------------------------------------------------
// *** BATCH CMD : assignFile -p 2 -file"C:/Users/Zeck/Desktop/Laboratorio2/Spartan3.mcs"
'2': Loading file 'C:/Users/Zeck/Desktop/Laboratorio2/Spartan3.mcs' ...
done.
// *** BATCH CMD : setAttribute -position 2 -attr packageName -value ""
INFO:iMPACT - Current time: 04/09/2013 08:17:18 p.m.
// *** BATCH CMD : ReadStatusRegister -p 1 
Maximum TCK operating frequency for this device chain: 0.
Validating chain...
Boundary-scan chain validated successfully.
'1': Reading status register contents...
CRC error                                                                  :        0
RESERVED                                                                   :        0
DCM locked                                                                 :        1
DCI Matched                                                                :        1
legacy input error                                                         :        0
status of GTS_CFG_B                                                        :        0
status of GWE                                                              :        0
status of GHIGH                                                            :        1
value of MODE pin M0                                                       :        0
value of MODE pin M1                                                       :        0
value of MODE pin M2                                                       :        0
value of CFG_RDY (INIT_B)                                                  :        1
DONEIN input from DONE pin                                                 :        0
ID_ERROR                                                                   :        0
RESERVED                                                                   :        0
INFO:iMPACT - Current time: 04/09/2013 08:17:21 p.m.
// *** BATCH CMD : Program -p 1 
Maximum TCK operating frequency for this device chain: 0.
Validating chain...
Boundary-scan chain validated successfully.
PROGRESS_START - Starting Operation.
'1': Programming device...
 Match_cycle = NoWait.
Match cycle: NoWait
 LCK_cycle = NoWait.
LCK cycle: NoWait
done.
INFO:iMPACT:2219 - Status register values:
INFO:iMPACT - 0011 0001 0001 0000 0000 0000 0000 0000 
INFO:iMPACT:579 - '1': Completed downloading bit file to device.
INFO:iMPACT:188 - '1': Programming completed successfully.
 Match_cycle = NoWait.
Match cycle: NoWait
 LCK_cycle = NoWait.
LCK cycle: NoWait
INFO:iMPACT - '1': Checking done pin....done.
'1': Programming terminated. DONE did not go high.
PROGRESS_END - End Operation.
Elapsed time =      1 sec.
Project: 'C:\Users\Zeck\Desktop/\auto_project.ipf' created.
// *** BATCH CMD : setMode -bs
// *** BATCH CMD : setMode -ss
// *** BATCH CMD : setMode -sm
// *** BATCH CMD : setMode -hw140
// *** BATCH CMD : setMode -spi
// *** BATCH CMD : setMode -acecf
// *** BATCH CMD : setMode -acempm
// *** BATCH CMD : setMode -pff
// *** BATCH CMD : setMode -bs
// *** BATCH CMD : saveProjectFile -file"C:\Users\Zeck\Desktop/\auto_project.ipf"
// *** BATCH CMD : setMode -bs
// *** BATCH CMD : deleteDevice -position 1
----------------------------------------------------------------------
// *** BATCH CMD : deleteDevice -position 1
// *** BATCH CMD : setMode -bs
// *** BATCH CMD : setMode -ss
// *** BATCH CMD : setMode -sm
// *** BATCH CMD : setMode -hw140
// *** BATCH CMD : setMode -spi
// *** BATCH CMD : setMode -acecf
// *** BATCH CMD : setMode -acempm
// *** BATCH CMD : setMode -pff
Welcome to iMPACT
iMPACT Version: 14.6
Project: 'C:\Users\Zeck\Desktop/\auto_project.ipf' already exists.
Original project has been renamed to'C:\Users\Zeck\Desktop/\auto_project_1.ipf'.
Project: C:\Users\Zeck\Desktop/\auto_project.ipf created.
// *** BATCH CMD : setMode -bs
GUI --- Auto connect to cable...
// *** BATCH CMD : setCable -port auto
INFO:iMPACT - Digilent Plugin: Plugin Version: 2.4.4
INFO:iMPACT - Digilent Plugin: found 1 device(s).
INFO:iMPACT - Digilent Plugin: opening device: "DCabUsb", SN:50003C005674
INFO:iMPACT - Digilent Plugin: User Name: DCabUsb
INFO:iMPACT - Digilent Plugin: Product Name: JTAG-USB Cable
INFO:iMPACT - Digilent Plugin: Serial Number: 50003C005674
INFO:iMPACT - Digilent Plugin: Product ID: 30100203
INFO:iMPACT - Digilent Plugin: Firmware Version: 0303
INFO:iMPACT - Digilent Plugin: JTAG Port Number: 0
INFO:iMPACT - Digilent Plugin: JTAG Clock Frequency: 1600000 Hz
Attempting to identify devices in the boundary-scan chain configuration...
INFO:iMPACT - Current time: 04/09/2013 08:18:46 p.m.
// *** BATCH CMD : Identify -inferir 
PROGRESS_START - Starting Operation.
Identifying chain contents...'0': : Manufacturer's ID = Xilinx xcf02s, Version : 0
INFO:iMPACT:1777 - 
   Reading D:/Xilinx/14.6/ISE_DS/ISE/xcf/data/xcf02s.bsd...
INFO:iMPACT:501 - '1': Added Device xcf02s successfully.
----------------------------------------------------------------------
'1': : Manufacturer's ID = Xilinx xc3s200, Version : 0
INFO:iMPACT:1777 - 
   Reading D:/Xilinx/14.6/ISE_DS/ISE/spartan3/data/xc3s200.bsd...
INFO:iMPACT:501 - '1': Added Device xc3s200 successfully.
----------------------------------------------------------------------
done.
PROGRESS_END - End Operation.
Elapsed time =      0 sec.
// *** BATCH CMD : identifyMPM 
// *** BATCH CMD : assignFile -p 1 -file"C:/Users/Zeck/Desktop/Laboratorio2/controladorlucessemaforo.bit"
'1': Loading file'C:/Users/Zeck/Desktop/Laboratorio2/controladorlucessemaforo.bit' ...
done.
UserID read from the bitstream file = 0xFFFFFFFF.
----------------------------------------------------------------------
INFO:iMPACT:501 - '1': Added Device xc3s200 successfully.
----------------------------------------------------------------------
INFO:iMPACT - Current time: 04/09/2013 08:19:04 p.m.
// *** BATCH CMD : Program -p 1 
Maximum TCK operating frequency for this device chain: 0.
Validating chain...
Boundary-scan chain validated successfully.
PROGRESS_START - Starting Operation.
'1': Programming device...
 Match_cycle = NoWait.
Match cycle: NoWait
 LCK_cycle = NoWait.
LCK cycle: NoWait
done.
INFO:iMPACT:2219 - Status register values:
INFO:iMPACT - 0011 0001 0001 0000 0000 0000 0000 0000 
INFO:iMPACT:579 - '1': Completed downloading bit file to device.
INFO:iMPACT:188 - '1': Programming completed successfully.
 Match_cycle = NoWait.
Match cycle: NoWait
 LCK_cycle = NoWait.
LCK cycle: NoWait
INFO:iMPACT - '1': Checking done pin....done.
'1': Programming terminated. DONE did not go high.
PROGRESS_END - End Operation.
Elapsed time =      1 sec.
// *** BATCH CMD : assignFile -p 1 -file"C:/Users/Zeck/Desktop/Laboratorio2/controladorlucessemaforo_cclktemp.bit"
'1': Loading file'C:/Users/Zeck/Desktop/Laboratorio2/controladorlucessemaforo_cclktemp.bit' ...
done.
INFO:iMPACT:2257 - Startup Clock has been changed to 'JtagClk' in the bitstream   stored in memory,
   but the original bitstream file remains unchanged.
UserID read from the bitstream file = 0xFFFFFFFF.
----------------------------------------------------------------------
INFO:iMPACT:501 - '1': Added Device xc3s200 successfully.
----------------------------------------------------------------------
INFO:iMPACT - Current time: 04/09/2013 08:19:22 p.m.
// *** BATCH CMD : Program -p 1 
Maximum TCK operating frequency for this device chain: 0.
Validating chain...
Boundary-scan chain validated successfully.
PROGRESS_START - Starting Operation.
'1': Programming device...
 Match_cycle = NoWait.
Match cycle: NoWait
 LCK_cycle = NoWait.
LCK cycle: NoWait
done.
INFO:iMPACT:2219 - Status register values:
INFO:iMPACT - 0011 0001 0001 0000 0000 0000 0000 0000 
INFO:iMPACT:579 - '1': Completed downloading bit file to device.
INFO:iMPACT:188 - '1': Programming completed successfully.
 Match_cycle = NoWait.
Match cycle: NoWait
 LCK_cycle = NoWait.
LCK cycle: NoWait
INFO:iMPACT - '1': Checking done pin....done.
'1': Programming terminated. DONE did not go high.
PROGRESS_END - End Operation.
Elapsed time =      1 sec.
INFO:iMPACT - SVF file 'default.svf' will be generated in   'C:\Users\Zeck\Desktop\' using preset options listed below.
INFO:iMPACT - Any pre-selected programming properties will not alter this   output.
INFO:iMPACT - Current time: 04/09/2013 08:19:27 p.m.
// *** BATCH CMD : expresssvf -p 1 -program -verify -file"C:\Users\Zeck\Desktop\default.svf" 
One step SVF/XSVF operation will close any existing cable connections.
 Please reconnect your cable after the completion of the one-step operation.

'1': Programming device...
PROGRESS_START - Starting Operation.
 Match_cycle = NoWait.
Match cycle: NoWait
 LCK_cycle = NoWait.
LCK cycle: NoWait
done.
INFO:iMPACT:579 - '1': Completed downloading bit file to device.
INFO:iMPACT:188 - '1': Programming completed successfully.
PROGRESS_END - End Operation.
Elapsed time =      1 sec.
INFO:iMPACT - XSVF file 'default.xsvf'  will be generated in   'C:\Users\Zeck\Desktop\' using preset options listed below.
INFO:iMPACT - Any pre-selected programming properties will not alter this   output.
INFO:iMPACT - Current time: 04/09/2013 08:19:30 p.m.
// *** BATCH CMD : expressxsvf -p 1 -program -verify -file"C:\Users\Zeck\Desktop\default.xsvf" 
One step SVF/XSVF operation will close any existing cable connections.
 Please reconnect your cable after the completion of the one-step operation.

'1': Programming device...
PROGRESS_START - Starting Operation.
 Match_cycle = NoWait.
Match cycle: NoWait
 LCK_cycle = NoWait.
LCK cycle: NoWait
done.
INFO:iMPACT:579 - '1': Completed downloading bit file to device.
INFO:iMPACT:188 - '1': Programming completed successfully.
PROGRESS_END - End Operation.
Elapsed time =      0 sec.
// *** BATCH CMD : assignFile -p 1 -file"C:/Users/Zeck/Desktop/Laboratorio2/controladorlucessemaforo.bit"
'1': Loading file'C:/Users/Zeck/Desktop/Laboratorio2/controladorlucessemaforo.bit' ...
done.
UserID read from the bitstream file = 0xFFFFFFFF.
----------------------------------------------------------------------
INFO:iMPACT:501 - '1': Added Device xc3s200 successfully.
----------------------------------------------------------------------
// *** BATCH CMD : assignFile -p 2 -file"C:/Users/Zeck/Desktop/Laboratorio2/Spartan3.mcs"
'2': Loading file 'C:/Users/Zeck/Desktop/Laboratorio2/Spartan3.mcs' ...
done.
// *** BATCH CMD : setAttribute -position 2 -attr packageName -value ""
GUI --- Auto connect to cable...
// *** BATCH CMD : setCable -port auto
INFO:iMPACT - Digilent Plugin: Plugin Version: 2.4.4
INFO:iMPACT - Digilent Plugin: found 1 device(s).
INFO:iMPACT - Digilent Plugin: opening device: "DCabUsb", SN:50003C005674
INFO:iMPACT - Digilent Plugin: User Name: DCabUsb
INFO:iMPACT - Digilent Plugin: Product Name: JTAG-USB Cable
INFO:iMPACT - Digilent Plugin: Serial Number: 50003C005674
INFO:iMPACT - Digilent Plugin: Product ID: 30100203
INFO:iMPACT - Digilent Plugin: Firmware Version: 0303
INFO:iMPACT - Digilent Plugin: JTAG Port Number: 0
INFO:iMPACT - Digilent Plugin: JTAG Clock Frequency: 1600000 Hz
INFO:iMPACT - Current time: 04/09/2013 08:19:54 p.m.
// *** BATCH CMD : Program -p 1 
Maximum TCK operating frequency for this device chain: 0.
Validating chain...
Boundary-scan chain validated successfully.
PROGRESS_START - Starting Operation.
'1': Programming device...
 Match_cycle = NoWait.
Match cycle: NoWait
 LCK_cycle = NoWait.
LCK cycle: NoWait
done.
INFO:iMPACT:2219 - Status register values:
INFO:iMPACT - 0011 0001 0001 0000 0000 0000 0000 0000 
INFO:iMPACT:579 - '1': Completed downloading bit file to device.
INFO:iMPACT:188 - '1': Programming completed successfully.
 Match_cycle = NoWait.
Match cycle: NoWait
 LCK_cycle = NoWait.
LCK cycle: NoWait
INFO:iMPACT - '1': Checking done pin....done.
'1': Programming terminated. DONE did not go high.
PROGRESS_END - End Operation.
Elapsed time =      1 sec.
INFO:iMPACT - Current time: 04/09/2013 08:19:56 p.m.
// *** BATCH CMD : Program -p 2 
Maximum TCK operating frequency for this device chain: 0.
Validating chain...
Boundary-scan chain validated successfully.
'2': Programming device...
PROGRESS_START - Starting Operation.
done.
'2': Putting device in ISP mode...done.
'2': Putting device in ISP mode...done.
'2': Setting user-programmable bits...
done.
'2': Putting device in ISP mode...done.
'2': Programming completed successfully.
PROGRESS_END - End Operation.
Elapsed time =     12 sec.
// *** BATCH CMD : setMode -bs
// *** BATCH CMD : setMode -pff
// *** BATCH CMD : addConfigDevice  -name "PruebaRara" -path"C:\Users\Zeck\Desktop\"
// *** BATCH CMD : setSubmode -pffmbspi
// *** BATCH CMD : setAttribute -configdevice -attr multibootBpiType -value"TYPE_MB_SPI"
// *** BATCH CMD : setAttribute -configdevice -attr multibootBpiDevice -value"SPARTAN3AN"
// *** BATCH CMD : setAttribute -configdevice -attr RsPinMsb -value "xc3s400an"
// *** BATCH CMD : setAttribute -configdevice -attr multibootBpichainType -value"SERIAL"
// *** BATCH CMD : setAttribute -configdevice -attr dir -value "UP"
// *** BATCH CMD : addDesign -version 0 -name "0"
// *** BATCH CMD : setAttribute -configdevice -attr compressed -value "FALSE"
// *** BATCH CMD : setAttribute -configdevice -attr autoSize -value "FALSE"
// *** BATCH CMD : setAttribute -configdevice -attr fileFormat -value "mcs"
// *** BATCH CMD : setAttribute -configdevice -attr fillValue -value "FF"
// *** BATCH CMD : setAttribute -configdevice -attr swapBit -value "FALSE"
// *** BATCH CMD : setAttribute -configdevice -attr dir -value "UP"
// *** BATCH CMD : setAttribute -configdevice -attr multiboot -value "TRUE"
// *** BATCH CMD : setAttribute -configdevice -attr spiSelected -value "TRUE"
// *** BATCH CMD : setAttribute -configdevice -attr ironhorsename -value "1"
// *** BATCH CMD : setAttribute -configdevice -attr flashDataWidth -value "8"
// *** BATCH CMD : setCurrentDesign -version 0
// *** BATCH CMD : setAttribute -design -attr RSPin -value ""
// *** BATCH CMD : setCurrentDesign -version 0
// *** BATCH CMD : addPromDevice -p 1 -size 1024 -name xc3s400an
'1': Added Device xc3s400an successfully.
----------------------------------------------------------------------
// *** BATCH CMD : setMode -bs
// *** BATCH CMD : setMode -pff
// *** BATCH CMD : setSubmode -pffmbspi
// *** BATCH CMD : setMode -pff
// *** BATCH CMD : addDeviceChain -index 0
// *** BATCH CMD : setMode -pff
// *** BATCH CMD : setSubmode -pffmbspi
// *** BATCH CMD : setMode -pff
// *** BATCH CMD : addDeviceChain -index 0
Override chain at index 0.
Overriding chain at index 0.
   Sector_Addr  Page_Addr   PO2_Addr   Non-Binary_Addr
1	256	65536	131072	
2	512	131072	262144	
3	768	196608	393216	
4	1024	262144	524288	
5	1280	327680	655360	
6	1536	393216	786432	
7	1792	458752	917504	
Next Start Address=1
// *** BATCH CMD : setMode -bs
// *** BATCH CMD : setMode -pff
// *** BATCH CMD : setMode -bs
Project: 'C:\Users\Zeck\Desktop/\auto_project.ipf' created.
// *** BATCH CMD : setMode -bs
// *** BATCH CMD : setMode -ss
// *** BATCH CMD : setMode -sm
// *** BATCH CMD : setMode -hw140
// *** BATCH CMD : setMode -spi
// *** BATCH CMD : setMode -acecf
// *** BATCH CMD : setMode -acempm
// *** BATCH CMD : setMode -pff
// *** BATCH CMD : setMode -bs
// *** BATCH CMD : saveProjectFile -file"C:\Users\Zeck\Desktop/\auto_project.ipf"
// *** BATCH CMD : setMode -bs
// *** BATCH CMD : deleteDevice -position 1
----------------------------------------------------------------------
// *** BATCH CMD : deleteDevice -position 1
// *** BATCH CMD : setMode -bs
// *** BATCH CMD : setMode -ss
// *** BATCH CMD : setMode -sm
// *** BATCH CMD : setMode -hw140
// *** BATCH CMD : setMode -spi
// *** BATCH CMD : setMode -acecf
// *** BATCH CMD : setMode -acempm
// *** BATCH CMD : setMode -pff
// *** BATCH CMD : loadProjectFile -file "C:\Users\Zeck\Desktop\Spartan33.ipf"
------------------------  GUI: Wizard Data Report  ---------------------------
      Compression : false
      Fill Value : FF
      Output Format : mcs
      Swap Bits : false
      LoadDirection : UP
      PROM Basename : Configuracion_Spartan
      File Location : C:\Users\Zeck\Desktop\/
      Auto Selcet : true
      Number of Revision : 1
      Number of PROMs : 0
-------------------------- END of Report ----------------------------
Override chain at index 0.
Overriding chain at index 0.
'1': Loading file'C:/Users/Zeck/Desktop/Laboratorio2/controladorlucessemaforo.bit' ...
INFO:iMPACT - Elapsed time =      1 sec.
done.
INFO:iMPACT:2257 - Startup Clock has been changed to 'Cclk' in the bitstream   stored in memory,
   but the original bitstream file remains unchanged.
Dumping bit fileC:/Users/Zeck/Desktop/Laboratorio2/controladorlucessemaforo_cclktemp.bit...
INFO:iMPACT:501 - '1': Added Device xc3s200 successfully.
----------------------------------------------------------------------
Add one device.1ffa3INFO:iMPACT - Current time: 04/09/2013 08:23:36 p.m.
Total configuration bit size = 1047616 bits.
Total configuration byte size = 130952 bytes.
'1': Added Device xcf01s successfully.
----------------------------------------------------------------------
0x1ff88 (130952) bytes loaded up from 0x0
Using user-specified prom size of 128K
Writing file "C:\Users\Zeck\Desktop\Configuracion_Spartan.mcs".
Writing file "C:\Users\Zeck\Desktop\Configuracion_Spartan.prm".
Writing file "C:\Users\Zeck\Desktop\Configuracion_Spartan.sig".
Writing file "C:\Users\Zeck\Desktop\Configuracion_Spartan.cfi".
INFO:iMPACT - Current time: 04/09/2013 08:24:01 p.m.
Total configuration bit size = 1047616 bits.
Total configuration byte size = 130952 bytes.
0x1ff88 (130952) bytes loaded up from 0x0
Using user-specified prom size of 128K
Writing file "C:\Users\Zeck\Desktop\Configuracion_Spartan.mcs".
Writing file "C:\Users\Zeck\Desktop\Configuracion_Spartan.prm".
Writing file "C:\Users\Zeck\Desktop\Configuracion_Spartan.sig".
Writing file "C:\Users\Zeck\Desktop\Configuracion_Spartan.cfi".
GUI --- Auto connect to cable...
INFO:iMPACT - Digilent Plugin: Plugin Version: 2.4.4
INFO:iMPACT - Digilent Plugin: found 1 device(s).
INFO:iMPACT - Digilent Plugin: opening device: "DCabUsb", SN:50003C005674
INFO:iMPACT - Digilent Plugin: User Name: DCabUsb
INFO:iMPACT - Digilent Plugin: Product Name: JTAG-USB Cable
INFO:iMPACT - Digilent Plugin: Serial Number: 50003C005674
INFO:iMPACT - Digilent Plugin: Product ID: 30100203
INFO:iMPACT - Digilent Plugin: Firmware Version: 0303
INFO:iMPACT - Digilent Plugin: JTAG Port Number: 0
INFO:iMPACT - Digilent Plugin: JTAG Clock Frequency: 1600000 Hz
Attempting to identify devices in the boundary-scan chain configuration...
INFO:iMPACT - Current time: 04/09/2013 08:24:08 p.m.
PROGRESS_START - Starting Operation.
Identifying chain contents...'0': : Manufacturer's ID = Xilinx xcf02s, Version : 0
INFO:iMPACT:1777 - 
   Reading D:/Xilinx/14.6/ISE_DS/ISE/xcf/data/xcf02s.bsd...
INFO:iMPACT:501 - '1': Added Device xcf02s successfully.
----------------------------------------------------------------------
'1': : Manufacturer's ID = Xilinx xc3s200, Version : 0
INFO:iMPACT:1777 - 
   Reading D:/Xilinx/14.6/ISE_DS/ISE/spartan3/data/xc3s200.bsd...
INFO:iMPACT:501 - '1': Added Device xc3s200 successfully.
----------------------------------------------------------------------
done.
PROGRESS_END - End Operation.
Elapsed time =      0 sec.
'1': Loading file'C:/Users/Zeck/Desktop/Laboratorio2/controladorlucessemaforo.bit' ...
done.
UserID read from the bitstream file = 0xFFFFFFFF.
----------------------------------------------------------------------
INFO:iMPACT:501 - '1': Added Device xc3s200 successfully.
----------------------------------------------------------------------
'2': Loading file 'C:/Users/Zeck/Desktop/Laboratorio2/Spartan3.mcs' ...
done.
INFO:iMPACT - Current time: 04/09/2013 08:24:39 p.m.
Maximum TCK operating frequency for this device chain: 0.
Validating chain...
Boundary-scan chain validated successfully.
PROGRESS_START - Starting Operation.
'1': Programming device...
 Match_cycle = NoWait.
Match cycle: NoWait
 LCK_cycle = NoWait.
LCK cycle: NoWait
done.
INFO:iMPACT:2219 - Status register values:
INFO:iMPACT - 0011 0001 0001 0000 0000 0000 0000 0000 
INFO:iMPACT:579 - '1': Completed downloading bit file to device.
INFO:iMPACT:188 - '1': Programming completed successfully.
 Match_cycle = NoWait.
Match cycle: NoWait
 LCK_cycle = NoWait.
LCK cycle: NoWait
INFO:iMPACT - '1': Checking done pin....done.
'1': Programming terminated. DONE did not go high.
PROGRESS_END - End Operation.
Elapsed time =      1 sec.
INFO:iMPACT - Current time: 04/09/2013 08:24:45 p.m.
PROGRESS_START - Starting Operation.
Maximum TCK operating frequency for this device chain: 0.
Validating chain...
Boundary-scan chain validated successfully.
'2': Erasing device...
'2': Erasure completed successfully.
'2': Programming device...
done.
'2': Putting device in ISP mode...done.
'2': Putting device in ISP mode...done.
'2': Verifying device...done.
'2': Verification completed successfully.
'2': Calculated checksum matches expected checksum, 002007bfd
'2': Putting device in ISP mode...done.
'2': Putting device in ISP mode...done.
'2': Setting user-programmable bits...
done.
'2': Putting device in ISP mode...done.
'2': Programming completed successfully.
PROGRESS_END - End Operation.
Elapsed time =     26 sec.
INFO:iMPACT - Current time: 04/09/2013 08:25:28 p.m.
Maximum TCK operating frequency for this device chain: 0.
Validating chain...
Boundary-scan chain validated successfully.
PROGRESS_START - Starting Operation.
'1': Programming device...
 Match_cycle = NoWait.
Match cycle: NoWait
 LCK_cycle = NoWait.
LCK cycle: NoWait
done.
INFO:iMPACT:2219 - Status register values:
INFO:iMPACT - 0011 0001 0001 0000 0000 0000 0000 0000 
INFO:iMPACT:579 - '1': Completed downloading bit file to device.
INFO:iMPACT:188 - '1': Programming completed successfully.
 Match_cycle = NoWait.
Match cycle: NoWait
 LCK_cycle = NoWait.
LCK cycle: NoWait
INFO:iMPACT - '1': Checking done pin....done.
'1': Programming terminated. DONE did not go high.
PROGRESS_END - End Operation.
Elapsed time =      1 sec.
INFO:iMPACT - Current time: 04/09/2013 08:25:35 p.m.
The selected cable is being used by another application.
 Please retry the current operation.
INFO:iMPACT - Current time: 04/09/2013 08:25:39 p.m.
The selected cable is being used by another application.
 Please retry the current operation.
INFO:iMPACT - Current time: 04/09/2013 08:25:43 p.m.
The selected cable is being used by another application.
 Please retry the current operation.
INFO:iMPACT - Current time: 04/09/2013 08:25:46 p.m.
The selected cable is being used by another application.
 Please retry the current operation.
