Release 14.6 - xst P.68d (nt64)
Copyright (c) 1995-2013 Xilinx, Inc.  All rights reserved.
--> Parameter TMPDIR set to xst/projnav.tmp


Total REAL time to Xst completion: 0.00 secs
Total CPU time to Xst completion: 0.16 secs
 
--> Parameter xsthdpdir set to xst


Total REAL time to Xst completion: 0.00 secs
Total CPU time to Xst completion: 0.16 secs
 
--> Reading design: Display.prj

TABLE OF CONTENTS
  1) Synthesis Options Summary
  2) HDL Compilation
  3) Design Hierarchy Analysis
  4) HDL Analysis
  5) HDL Synthesis
     5.1) HDL Synthesis Report
  6) Advanced HDL Synthesis
     6.1) Advanced HDL Synthesis Report
  7) Low Level Synthesis
  8) Partition Report
  9) Final Report
	9.1) Device utilization summary
	9.2) Partition Resource Summary
	9.3) TIMING REPORT


=========================================================================
*                      Synthesis Options Summary                        *
=========================================================================
---- Source Parameters
Input File Name                    : "Display.prj"
Input Format                       : mixed
Ignore Synthesis Constraint File   : NO

---- Target Parameters
Output File Name                   : "Display"
Output Format                      : NGC
Target Device                      : xc3s200-4-ft256

---- Source Options
Top Module Name                    : Display
Automatic FSM Extraction           : YES
FSM Encoding Algorithm             : Auto
Safe Implementation                : No
FSM Style                          : LUT
RAM Extraction                     : Yes
RAM Style                          : Auto
ROM Extraction                     : Yes
Mux Style                          : Auto
Decoder Extraction                 : YES
Priority Encoder Extraction        : Yes
Shift Register Extraction          : YES
Logical Shifter Extraction         : YES
XOR Collapsing                     : YES
ROM Style                          : Auto
Mux Extraction                     : Yes
Resource Sharing                   : YES
Asynchronous To Synchronous        : NO
Multiplier Style                   : Auto
Automatic Register Balancing       : No

---- Target Options
Add IO Buffers                     : YES
Global Maximum Fanout              : 100000
Add Generic Clock Buffer(BUFG)     : 8
Register Duplication               : YES
Slice Packing                      : YES
Optimize Instantiated Primitives   : NO
Use Clock Enable                   : Yes
Use Synchronous Set                : Yes
Use Synchronous Reset              : Yes
Pack IO Registers into IOBs        : Auto
Equivalent register Removal        : YES

---- General Options
Optimization Goal                  : Speed
Optimization Effort                : 1
Keep Hierarchy                     : No
Netlist Hierarchy                  : As_Optimized
RTL Output                         : Yes
Global Optimization                : AllClockNets
Read Cores                         : YES
Write Timing Constraints           : NO
Cross Clock Analysis               : NO
Hierarchy Separator                : /
Bus Delimiter                      : []
Case Specifier                     : Maintain
Slice Utilization Ratio            : 100
BRAM Utilization Ratio             : 100
Verilog 2001                       : YES
Auto BRAM Packing                  : NO
Slice Utilization Ratio Delta      : 5

=========================================================================


=========================================================================
*                          HDL Compilation                              *
=========================================================================
Compiling verilog file "Display.v" in library work
Module <Display> compiled
No errors in compilation
Analysis of file <"Display.prj"> succeeded.
 

=========================================================================
*                     Design Hierarchy Analysis                         *
=========================================================================
Analyzing hierarchy for module <Display> in library <work>.


=========================================================================
*                            HDL Analysis                               *
=========================================================================
Analyzing top module <Display>.
Module <Display> is correct for synthesis.
 

=========================================================================
*                           HDL Synthesis                               *
=========================================================================

Performing bidirectional port resolution...

Synthesizing Unit <Display>.
    Related source file is "Display.v".
    Using one-hot encoding for signal <ultimaLectura>.
    Found 7-bit register for signal <S>.
    Found 4-bit register for signal <Display>.
    Found 4-bit register for signal <ultimaLectura>.
    Summary:
	inferred  15 D-type flip-flop(s).
Unit <Display> synthesized.


=========================================================================
HDL Synthesis Report

Macro Statistics
# Registers                                            : 3
 4-bit register                                        : 2
 7-bit register                                        : 1

=========================================================================

=========================================================================
*                       Advanced HDL Synthesis                          *
=========================================================================

WARNING:Xst:2677 - Node <ultimaLectura_3> of sequential type is unconnected in block <Display>.
WARNING:Xst:2677 - Node <ultimaLectura_3> of sequential type is unconnected in block <Display>.

=========================================================================
Advanced HDL Synthesis Report

Macro Statistics
# Registers                                            : 14
 Flip-Flops                                            : 14

=========================================================================

=========================================================================
*                         Low Level Synthesis                           *
=========================================================================

Optimizing unit <Display> ...

Mapping all equations...
Building and optimizing final netlist ...
Found area constraint ratio of 100 (+ 5) on block Display, actual ratio is 0.

Final Macro Processing ...

=========================================================================
Final Register Report

Macro Statistics
# Registers                                            : 14
 Flip-Flops                                            : 14

=========================================================================

=========================================================================
*                           Partition Report                            *
=========================================================================

Partition Implementation Status
-------------------------------

  No Partitions were found in this design.

-------------------------------

=========================================================================
*                            Final Report                               *
=========================================================================
Final Results
RTL Top Level Output File Name     : Display.ngr
Top Level Output File Name         : Display
Output Format                      : NGC
Optimization Goal                  : Speed
Keep Hierarchy                     : No

Design Statistics
# IOs                              : 20

Cell Usage :
# BELS                             : 33
#      LUT2                        : 5
#      LUT2_L                      : 3
#      LUT3                        : 4
#      LUT3_L                      : 1
#      LUT4                        : 17
#      LUT4_D                      : 1
#      LUT4_L                      : 1
#      VCC                         : 1
# FlipFlops/Latches                : 14
#      FD                          : 2
#      FDE                         : 7
#      FDR                         : 1
#      FDS                         : 4
# Clock Buffers                    : 1
#      BUFGP                       : 1
# IO Buffers                       : 19
#      IBUF                        : 8
#      OBUF                        : 11
=========================================================================

Device utilization summary:
---------------------------

Selected Device : 3s200ft256-4 

 Number of Slices:                       17  out of   1920     0%  
 Number of Slice Flip Flops:             14  out of   3840     0%  
 Number of 4 input LUTs:                 32  out of   3840     0%  
 Number of IOs:                          20
 Number of bonded IOBs:                  20  out of    173    11%  
 Number of GCLKs:                         1  out of      8    12%  

---------------------------
Partition Resource Summary:
---------------------------

  No Partitions were found in this design.

---------------------------


=========================================================================
TIMING REPORT

NOTE: THESE TIMING NUMBERS ARE ONLY A SYNTHESIS ESTIMATE.
      FOR ACCURATE TIMING INFORMATION PLEASE REFER TO THE TRACE REPORT
      GENERATED AFTER PLACE-and-ROUTE.

Clock Information:
------------------
-----------------------------------+------------------------+-------+
Clock Signal                       | Clock buffer(FF name)  | Load  |
-----------------------------------+------------------------+-------+
clk                                | BUFGP                  | 14    |
-----------------------------------+------------------------+-------+

Asynchronous Control Signals Information:
----------------------------------------
No asynchronous control signals found in this design

Timing Summary:
---------------
Speed Grade: -4

   Minimum period: 4.579ns (Maximum Frequency: 218.388MHz)
   Minimum input arrival time before clock: 6.028ns
   Maximum output required time after clock: 7.165ns
   Maximum combinational path delay: No path found

Timing Detail:
--------------
All values displayed in nanoseconds (ns)

=========================================================================
Timing constraint: Default period analysis for Clock 'clk'
  Clock period: 4.579ns (frequency: 218.388MHz)
  Total number of paths / destination ports: 45 / 14
-------------------------------------------------------------------------
Delay:               4.579ns (Levels of Logic = 1)
  Source:            ultimaLectura_2 (FF)
  Destination:       ultimaLectura_0 (FF)
  Source Clock:      clk rising
  Destination Clock: clk rising

  Data Path: ultimaLectura_2 to ultimaLectura_0
                                Gate     Net
    Cell:in->out      fanout   Delay   Delay  Logical Name (Net Name)
    ----------------------------------------  ------------
     FD:C->Q               7   0.720   1.405  ultimaLectura_2 (ultimaLectura_2)
     LUT3:I0->O            2   0.551   0.877  Display_mux0000[3]1 (Display_mux0000[3])
     FDR:R                     1.026          ultimaLectura_0
    ----------------------------------------
    Total                      4.579ns (2.297ns logic, 2.282ns route)
                                       (50.2% logic, 49.8% route)

=========================================================================
Timing constraint: Default OFFSET IN BEFORE for Clock 'clk'
  Total number of paths / destination ports: 84 / 18
-------------------------------------------------------------------------
Offset:              6.028ns (Levels of Logic = 4)
  Source:            TimeParameterSelector[1] (PAD)
  Destination:       S_5 (FF)
  Destination Clock: clk rising

  Data Path: TimeParameterSelector[1] to S_5
                                Gate     Net
    Cell:in->out      fanout   Delay   Delay  Logical Name (Net Name)
    ----------------------------------------  ------------
     IBUF:I->O             6   0.821   1.342  TimeParameterSelector_1_IBUF (TimeParameterSelector_1_IBUF)
     LUT2:I0->O            1   0.551   1.140  S_mux0000[4]46_SW0 (N38)
     LUT4:I0->O            1   0.551   0.869  S_mux0000[1]1_SW5 (N36)
     LUT4:I2->O            1   0.551   0.000  S_mux0000[1]79 (S_mux0000[1])
     FDE:D                     0.203          S_5
    ----------------------------------------
    Total                      6.028ns (2.677ns logic, 3.351ns route)
                                       (44.4% logic, 55.6% route)

=========================================================================
Timing constraint: Default OFFSET OUT AFTER for Clock 'clk'
  Total number of paths / destination ports: 11 / 11
-------------------------------------------------------------------------
Offset:              7.165ns (Levels of Logic = 1)
  Source:            Display_3 (FF)
  Destination:       DisplayS[3] (PAD)
  Source Clock:      clk rising

  Data Path: Display_3 to DisplayS[3]
                                Gate     Net
    Cell:in->out      fanout   Delay   Delay  Logical Name (Net Name)
    ----------------------------------------  ------------
     FDS:C->Q              1   0.720   0.801  Display_3 (Display_3)
     OBUF:I->O                 5.644          DisplayS_3_OBUF (DisplayS[3])
    ----------------------------------------
    Total                      7.165ns (6.364ns logic, 0.801ns route)
                                       (88.8% logic, 11.2% route)

=========================================================================


Total REAL time to Xst completion: 8.00 secs
Total CPU time to Xst completion: 7.97 secs
 
--> 

Total memory usage is 254660 kilobytes

Number of errors   :    0 (   0 filtered)
Number of warnings :    2 (   0 filtered)
Number of infos    :    0 (   0 filtered)

