--------------------------------------------------------------------------------
Release 14.6 Trace  (nt64)
Copyright (c) 1995-2013 Xilinx, Inc.  All rights reserved.

C:\Xilinx\14.6\ISE_DS\ISE\bin\nt64\unwrapped\trce.exe -intstyle ise -v 3 -s 4
-n 3 -fastpaths -xml ParametrosTemporales.twx ParametrosTemporales.ncd -o
ParametrosTemporales.twr ParametrosTemporales.pcf

Design file:              ParametrosTemporales.ncd
Physical constraint file: ParametrosTemporales.pcf
Device,package,speed:     xc3s200,ft256,-4 (PRODUCTION 1.39 2013-06-08)
Report level:             verbose report

Environment Variable      Effect 
--------------------      ------ 
NONE                      No environment variables were set
--------------------------------------------------------------------------------

INFO:Timing:2698 - No timing constraints found, doing default enumeration.
INFO:Timing:3412 - To improve timing, see the Timing Closure User Guide (UG612).
INFO:Timing:2752 - To get complete path coverage, use the unconstrained paths 
   option. All paths that are not constrained will be reported in the 
   unconstrained paths section(s) of the report.
INFO:Timing:3339 - The clock-to-out numbers in this timing report are based on 
   a 50 Ohm transmission line loading model.  For the details of this model, 
   and for more information on accounting for different loading conditions, 
   please see the device datasheet.
INFO:Timing:3390 - This architecture does not support a default System Jitter 
   value, please add SYSTEM_JITTER constraint to the UCF to modify the Clock 
   Uncertainty calculation.
INFO:Timing:3389 - This architecture does not support 'Discrete Jitter' and 
   'Phase Error' calculations, these terms will be zero in the Clock 
   Uncertainty calculation.  Please make appropriate modification to 
   SYSTEM_JITTER to account for the unsupported Discrete Jitter and Phase 
   Error.



Data Sheet report:
-----------------
All values displayed in nanoseconds (ns)

Setup/Hold to clock clk
--------------------------+------------+------------+------------------+--------+
                          |Max Setup to|Max Hold to |                  | Clock  |
Source                    | clk (edge) | clk (edge) |Internal Clock(s) | Phase  |
--------------------------+------------+------------+------------------+--------+
reprogram_sincrono        |    3.053(R)|   -0.127(R)|clk_BUFGP         |   0.000|
reset_sincrono            |    1.933(R)|    0.819(R)|clk_BUFGP         |   0.000|
time_parameter_selector[0]|    2.884(R)|    0.008(R)|clk_BUFGP         |   0.000|
time_parameter_selector[1]|    3.167(R)|   -0.218(R)|clk_BUFGP         |   0.000|
time_value[0]             |    1.459(R)|    0.846(R)|clk_BUFGP         |   0.000|
time_value[1]             |    1.037(R)|    0.907(R)|clk_BUFGP         |   0.000|
time_value[2]             |    0.415(R)|    1.171(R)|clk_BUFGP         |   0.000|
time_value[3]             |    0.998(R)|    0.911(R)|clk_BUFGP         |   0.000|
--------------------------+------------+------------+------------------+--------+

Clock clk to Pad
------------+------------+------------------+--------+
            | clk (edge) |                  | Clock  |
Destination |   to PAD   |Internal Clock(s) | Phase  |
------------+------------+------------------+--------+
valor[0]    |   10.361(R)|clk_BUFGP         |   0.000|
valor[1]    |   10.306(R)|clk_BUFGP         |   0.000|
valor[2]    |   11.300(R)|clk_BUFGP         |   0.000|
valor[3]    |   10.056(R)|clk_BUFGP         |   0.000|
------------+------------+------------------+--------+

Pad to Pad
---------------+---------------+---------+
Source Pad     |Destination Pad|  Delay  |
---------------+---------------+---------+
intervalo[0]   |valor[0]       |    8.804|
intervalo[0]   |valor[1]       |    8.562|
intervalo[0]   |valor[2]       |    8.924|
intervalo[0]   |valor[3]       |    8.816|
intervalo[1]   |valor[0]       |    8.313|
intervalo[1]   |valor[1]       |    8.135|
intervalo[1]   |valor[2]       |    8.497|
intervalo[1]   |valor[3]       |    8.325|
---------------+---------------+---------+


Analysis completed Fri Sep 06 11:54:52 2013 
--------------------------------------------------------------------------------

Trace Settings:
-------------------------
Trace Settings 

Peak Memory Usage: 137 MB



