Release 14.6 - ngc2edif P.68d (nt64)
Copyright (c) 1995-2013 Xilinx, Inc.  All rights reserved.
Reading design ControladorLucesSemaforo.ngc ...
WARNING:NetListWriters:298 - No output is written to
   ControladorLucesSemaforo.xncf, ignored.
Processing design ...
   Preping design's networks ...
   Preping design's macros ...
WARNING:NetListWriters:306 - Signal bus maqEstados/luces_mux0000<6 : 1> on block
   ControladorLucesSemaforo is not reconstructed, because there are some missing
   bus signals.
  finished :Prep
Writing EDIF netlist file ControladorLucesSemaforo.edif ...
ngc2edif: Total memory usage is 78732 kilobytes

Release 14.6 - ngc2edif P.68d (nt64)
Copyright (c) 1995-2013 Xilinx, Inc.  All rights reserved.
Reading design ControladorLucesSemaforo.ngc ...
WARNING:NetListWriters:298 - No output is written to
   ControladorLucesSemaforo.xncf, ignored.
Processing design ...
   Preping design's networks ...
   Preping design's macros ...
WARNING:NetListWriters:306 - Signal bus maqEstados/luces_mux0000<6 : 1> on block
   ControladorLucesSemaforo is not reconstructed, because there are some missing
   bus signals.
  finished :Prep
Writing EDIF netlist file ControladorLucesSemaforo.edif ...
ngc2edif: Total memory usage is 78732 kilobytes

Release 14.6 - ngc2edif P.68d (nt64)
Copyright (c) 1995-2013 Xilinx, Inc.  All rights reserved.
Reading design ControladorLucesSemaforo.ngc ...
WARNING:NetListWriters:298 - No output is written to
   ControladorLucesSemaforo.xncf, ignored.
Processing design ...
   Preping design's networks ...
   Preping design's macros ...
WARNING:NetListWriters:306 - Signal bus maqEstados/luces_mux0000<6 : 1> on block
   ControladorLucesSemaforo is not reconstructed, because there are some missing
   bus signals.
  finished :Prep
Writing EDIF netlist file ControladorLucesSemaforo.edif ...
ngc2edif: Total memory usage is 79108 kilobytes

Release 14.6 - ngc2edif P.68d (nt64)
Copyright (c) 1995-2013 Xilinx, Inc.  All rights reserved.
Reading design ControladorLucesSemaforo.ngc ...
WARNING:NetListWriters:298 - No output is written to
   ControladorLucesSemaforo.xncf, ignored.
Processing design ...
   Preping design's networks ...
   Preping design's macros ...
WARNING:NetListWriters:306 - Signal bus maqEstados/luces_mux0000<6 : 1> on block
   ControladorLucesSemaforo is not reconstructed, because there are some missing
   bus signals.
  finished :Prep
Writing EDIF netlist file ControladorLucesSemaforo.edif ...
ngc2edif: Total memory usage is 78668 kilobytes

Release 14.6 - ngc2edif P.68d (nt64)
Copyright (c) 1995-2013 Xilinx, Inc.  All rights reserved.
Reading design ControladorLucesSemaforo.ngc ...
WARNING:NetListWriters:298 - No output is written to
   ControladorLucesSemaforo.xncf, ignored.
Processing design ...
   Preping design's networks ...
   Preping design's macros ...
WARNING:NetListWriters:306 - Signal bus maqEstados/luces_mux0000<6 : 1> on block
   ControladorLucesSemaforo is not reconstructed, because there are some missing
   bus signals.
  finished :Prep
Writing EDIF netlist file ControladorLucesSemaforo.edif ...
ngc2edif: Total memory usage is 78732 kilobytes

Release 14.6 - ngc2edif P.68d (nt64)
Copyright (c) 1995-2013 Xilinx, Inc.  All rights reserved.
Reading design ControladorLucesSemaforo.ngc ...
WARNING:NetListWriters:298 - No output is written to
   ControladorLucesSemaforo.xncf, ignored.
Processing design ...
   Preping design's networks ...
   Preping design's macros ...
WARNING:NetListWriters:306 - Signal bus maqEstados/luces_mux0000<6 : 1> on block
   ControladorLucesSemaforo is not reconstructed, because there are some missing
   bus signals.
  finished :Prep
Writing EDIF netlist file ControladorLucesSemaforo.edif ...
ngc2edif: Total memory usage is 79116 kilobytes

Release 14.6 - ngc2edif P.68d (nt64)
Copyright (c) 1995-2013 Xilinx, Inc.  All rights reserved.
Reading design ControladorLucesSemaforo.ngc ...
WARNING:NetListWriters:298 - No output is written to
   ControladorLucesSemaforo.xncf, ignored.
Processing design ...
   Preping design's networks ...
   Preping design's macros ...
WARNING:NetListWriters:306 - Signal bus maqEstados/luces_mux0000<6 : 1> on block
   ControladorLucesSemaforo is not reconstructed, because there are some missing
   bus signals.
  finished :Prep
Writing EDIF netlist file ControladorLucesSemaforo.edif ...
ngc2edif: Total memory usage is 78732 kilobytes

Release 14.6 - ngc2edif P.68d (nt64)
Copyright (c) 1995-2013 Xilinx, Inc.  All rights reserved.
Reading design ControladorLucesSemaforo.ngc ...
WARNING:NetListWriters:298 - No output is written to
   ControladorLucesSemaforo.xncf, ignored.
Processing design ...
   Preping design's networks ...
   Preping design's macros ...
WARNING:NetListWriters:306 - Signal bus maqEstados/luces_mux0000<6 : 1> on block
   ControladorLucesSemaforo is not reconstructed, because there are some missing
   bus signals.
  finished :Prep
Writing EDIF netlist file ControladorLucesSemaforo.edif ...
ngc2edif: Total memory usage is 78724 kilobytes

Release 14.6 - ngc2edif P.68d (nt64)
Copyright (c) 1995-2013 Xilinx, Inc.  All rights reserved.
Reading design ControladorLucesSemaforo.ngc ...
WARNING:NetListWriters:298 - No output is written to
   ControladorLucesSemaforo.xncf, ignored.
Processing design ...
   Preping design's networks ...
   Preping design's macros ...
WARNING:NetListWriters:306 - Signal bus maqEstados/luces_mux0000<6 : 1> on block
   ControladorLucesSemaforo is not reconstructed, because there are some missing
   bus signals.
  finished :Prep
Writing EDIF netlist file ControladorLucesSemaforo.edif ...
ngc2edif: Total memory usage is 78724 kilobytes

Release 14.6 - ngc2edif P.68d (nt64)
Copyright (c) 1995-2013 Xilinx, Inc.  All rights reserved.
Reading design ControladorLucesSemaforo.ngc ...
WARNING:NetListWriters:298 - No output is written to
   ControladorLucesSemaforo.xncf, ignored.
Processing design ...
   Preping design's networks ...
   Preping design's macros ...
WARNING:NetListWriters:306 - Signal bus maqEstados/luces_mux0000<6 : 1> on block
   ControladorLucesSemaforo is not reconstructed, because there are some missing
   bus signals.
  finished :Prep
Writing EDIF netlist file ControladorLucesSemaforo.edif ...
ngc2edif: Total memory usage is 78724 kilobytes

Release 14.6 - ngc2edif P.68d (nt64)
Copyright (c) 1995-2013 Xilinx, Inc.  All rights reserved.
Reading design Modulo_Completo.ngc ...
WARNING:NetListWriters:298 - No output is written to Modulo_Completo.xncf,
   ignored.
Processing design ...
   Preping design's networks ...
   Preping design's macros ...
WARNING:NetListWriters:306 - Signal bus XLXI_2/luces_mux0000<6 : 1> on block
   Modulo_Completo is not reconstructed, because there are some missing bus
   signals.
  finished :Prep
Writing EDIF netlist file Modulo_Completo.edif ...
ngc2edif: Total memory usage is 78724 kilobytes

Release 14.6 - ngc2edif P.68d (nt64)
Copyright (c) 1995-2013 Xilinx, Inc.  All rights reserved.
Reading design ControladorLucesSemaforo.ngc ...
WARNING:NetListWriters:298 - No output is written to
   ControladorLucesSemaforo.xncf, ignored.
Processing design ...
   Preping design's networks ...
   Preping design's macros ...
WARNING:NetListWriters:306 - Signal bus maqEstados/luces_mux0000<6 : 1> on block
   ControladorLucesSemaforo is not reconstructed, because there are some missing
   bus signals.
  finished :Prep
Writing EDIF netlist file ControladorLucesSemaforo.edif ...
ngc2edif: Total memory usage is 78532 kilobytes

Release 14.6 - ngc2edif P.68d (nt64)
Copyright (c) 1995-2013 Xilinx, Inc.  All rights reserved.
Reading design ControladorLucesSemaforo.ngc ...
WARNING:NetListWriters:298 - No output is written to
   ControladorLucesSemaforo.xncf, ignored.
Processing design ...
   Preping design's networks ...
   Preping design's macros ...
WARNING:NetListWriters:306 - Signal bus maqEstados/luces_mux0000<6 : 1> on block
   ControladorLucesSemaforo is not reconstructed, because there are some missing
   bus signals.
  finished :Prep
Writing EDIF netlist file ControladorLucesSemaforo.edif ...
ngc2edif: Total memory usage is 78724 kilobytes

Release 14.6 - ngc2edif P.68d (nt64)
Copyright (c) 1995-2013 Xilinx, Inc.  All rights reserved.
Reading design ControladorLucesSemaforo.ngc ...
WARNING:NetListWriters:298 - No output is written to
   ControladorLucesSemaforo.xncf, ignored.
Processing design ...
   Preping design's networks ...
   Preping design's macros ...
  finished :Prep
Writing EDIF netlist file ControladorLucesSemaforo.edif ...
ngc2edif: Total memory usage is 78724 kilobytes

Release 14.6 - ngc2edif P.68d (nt64)
Copyright (c) 1995-2013 Xilinx, Inc.  All rights reserved.
Reading design ControladorLucesSemaforo.ngc ...
WARNING:NetListWriters:298 - No output is written to
   ControladorLucesSemaforo.xncf, ignored.
Processing design ...
   Preping design's networks ...
   Preping design's macros ...
  finished :Prep
Writing EDIF netlist file ControladorLucesSemaforo.edif ...
ngc2edif: Total memory usage is 78724 kilobytes

Release 14.6 - ngc2edif P.68d (nt64)
Copyright (c) 1995-2013 Xilinx, Inc.  All rights reserved.
Reading design ControladorLucesSemaforo.ngc ...
WARNING:NetListWriters:298 - No output is written to
   ControladorLucesSemaforo.xncf, ignored.
Processing design ...
   Preping design's networks ...
   Preping design's macros ...
  finished :Prep
Writing EDIF netlist file ControladorLucesSemaforo.edif ...
ngc2edif: Total memory usage is 78724 kilobytes

Release 14.6 - ngc2edif P.68d (nt64)
Copyright (c) 1995-2013 Xilinx, Inc.  All rights reserved.
Reading design ControladorLucesSemaforo.ngc ...
WARNING:NetListWriters:298 - No output is written to
   ControladorLucesSemaforo.xncf, ignored.
Processing design ...
   Preping design's networks ...
   Preping design's macros ...
  finished :Prep
Writing EDIF netlist file ControladorLucesSemaforo.edif ...
ngc2edif: Total memory usage is 78732 kilobytes

Release 14.6 - ngc2edif P.68d (nt64)
Copyright (c) 1995-2013 Xilinx, Inc.  All rights reserved.
Reading design ControladorLucesSemaforo.ngc ...
WARNING:NetListWriters:298 - No output is written to
   ControladorLucesSemaforo.xncf, ignored.
Processing design ...
   Preping design's networks ...
   Preping design's macros ...
  finished :Prep
Writing EDIF netlist file ControladorLucesSemaforo.edif ...
ngc2edif: Total memory usage is 78732 kilobytes

Release 14.6 - ngc2edif P.68d (nt64)
Copyright (c) 1995-2013 Xilinx, Inc.  All rights reserved.
Reading design ControladorLucesSemaforo.ngc ...
WARNING:NetListWriters:298 - No output is written to
   ControladorLucesSemaforo.xncf, ignored.
Processing design ...
   Preping design's networks ...
   Preping design's macros ...
  finished :Prep
Writing EDIF netlist file ControladorLucesSemaforo.edif ...
ngc2edif: Total memory usage is 79236 kilobytes

Release 14.6 - ngc2edif P.68d (nt64)
Copyright (c) 1995-2013 Xilinx, Inc.  All rights reserved.
Reading design ControladorLucesSemaforo.ngc ...
WARNING:NetListWriters:298 - No output is written to
   ControladorLucesSemaforo.xncf, ignored.
Processing design ...
   Preping design's networks ...
   Preping design's macros ...
  finished :Prep
Writing EDIF netlist file ControladorLucesSemaforo.edif ...
ngc2edif: Total memory usage is 78724 kilobytes

Release 14.6 - ngc2edif P.68d (nt64)
Copyright (c) 1995-2013 Xilinx, Inc.  All rights reserved.
Reading design ControladorLucesSemaforo.ngc ...
WARNING:NetListWriters:298 - No output is written to
   ControladorLucesSemaforo.xncf, ignored.
Processing design ...
   Preping design's networks ...
   Preping design's macros ...
  finished :Prep
Writing EDIF netlist file ControladorLucesSemaforo.edif ...
ngc2edif: Total memory usage is 78732 kilobytes

Release 14.6 - ngc2edif P.68d (nt64)
Copyright (c) 1995-2013 Xilinx, Inc.  All rights reserved.
Reading design ControladorLucesSemaforo.ngc ...
WARNING:NetListWriters:298 - No output is written to
   ControladorLucesSemaforo.xncf, ignored.
Processing design ...
   Preping design's networks ...
   Preping design's macros ...
  finished :Prep
Writing EDIF netlist file ControladorLucesSemaforo.edif ...
ngc2edif: Total memory usage is 78724 kilobytes

Release 14.6 - ngc2edif P.68d (nt64)
Copyright (c) 1995-2013 Xilinx, Inc.  All rights reserved.
Reading design ControladorLucesSemaforo.ngc ...
WARNING:NetListWriters:298 - No output is written to
   ControladorLucesSemaforo.xncf, ignored.
Processing design ...
   Preping design's networks ...
   Preping design's macros ...
  finished :Prep
Writing EDIF netlist file ControladorLucesSemaforo.edif ...
ngc2edif: Total memory usage is 78724 kilobytes

Release 14.6 - ngc2edif P.68d (nt64)
Copyright (c) 1995-2013 Xilinx, Inc.  All rights reserved.
Reading design ControladorLucesSemaforo.ngc ...
WARNING:NetListWriters:298 - No output is written to
   ControladorLucesSemaforo.xncf, ignored.
Processing design ...
   Preping design's networks ...
   Preping design's macros ...
  finished :Prep
Writing EDIF netlist file ControladorLucesSemaforo.edif ...
ngc2edif: Total memory usage is 78724 kilobytes

Release 14.6 - ngc2edif P.68d (nt64)
Copyright (c) 1995-2013 Xilinx, Inc.  All rights reserved.
Reading design ControladorLucesSemaforo.ngc ...
WARNING:NetListWriters:298 - No output is written to
   ControladorLucesSemaforo.xncf, ignored.
Processing design ...
   Preping design's networks ...
   Preping design's macros ...
  finished :Prep
Writing EDIF netlist file ControladorLucesSemaforo.edif ...
ngc2edif: Total memory usage is 78724 kilobytes

Release 14.6 - ngc2edif P.68d (nt64)
Copyright (c) 1995-2013 Xilinx, Inc.  All rights reserved.
Reading design ControladorLucesSemaforo.ngc ...
WARNING:NetListWriters:298 - No output is written to
   ControladorLucesSemaforo.xncf, ignored.
Processing design ...
   Preping design's networks ...
   Preping design's macros ...
  finished :Prep
Writing EDIF netlist file ControladorLucesSemaforo.edif ...
ngc2edif: Total memory usage is 78724 kilobytes

Release 14.6 - ngc2edif P.68d (nt64)
Copyright (c) 1995-2013 Xilinx, Inc.  All rights reserved.
Reading design ControladorLucesSemaforo.ngc ...
WARNING:NetListWriters:298 - No output is written to
   ControladorLucesSemaforo.xncf, ignored.
Processing design ...
   Preping design's networks ...
   Preping design's macros ...
  finished :Prep
Writing EDIF netlist file ControladorLucesSemaforo.edif ...
ngc2edif: Total memory usage is 79244 kilobytes

Release 14.6 - ngc2edif P.68d (nt64)
Copyright (c) 1995-2013 Xilinx, Inc.  All rights reserved.
Reading design ControladorLucesSemaforo.ngc ...
WARNING:NetListWriters:298 - No output is written to
   ControladorLucesSemaforo.xncf, ignored.
Processing design ...
   Preping design's networks ...
   Preping design's macros ...
  finished :Prep
Writing EDIF netlist file ControladorLucesSemaforo.edif ...
ngc2edif: Total memory usage is 78732 kilobytes

Release 14.6 - ngc2edif P.68d (nt64)
Copyright (c) 1995-2013 Xilinx, Inc.  All rights reserved.
Reading design ControladorLucesSemaforo.ngc ...
WARNING:NetListWriters:298 - No output is written to
   ControladorLucesSemaforo.xncf, ignored.
Processing design ...
   Preping design's networks ...
   Preping design's macros ...
  finished :Prep
Writing EDIF netlist file ControladorLucesSemaforo.edif ...
ngc2edif: Total memory usage is 79428 kilobytes

Release 14.6 - ngc2edif P.68d (nt64)
Copyright (c) 1995-2013 Xilinx, Inc.  All rights reserved.
Reading design ControladorLucesSemaforo.ngc ...
WARNING:NetListWriters:298 - No output is written to
   ControladorLucesSemaforo.xncf, ignored.
Processing design ...
   Preping design's networks ...
   Preping design's macros ...
  finished :Prep
Writing EDIF netlist file ControladorLucesSemaforo.edif ...
ngc2edif: Total memory usage is 79756 kilobytes

Release 14.6 - ngc2edif P.68d (nt64)
Copyright (c) 1995-2013 Xilinx, Inc.  All rights reserved.
Reading design ControladorLucesSemaforo.ngc ...
WARNING:NetListWriters:298 - No output is written to
   ControladorLucesSemaforo.xncf, ignored.
Processing design ...
   Preping design's networks ...
   Preping design's macros ...
  finished :Prep
Writing EDIF netlist file ControladorLucesSemaforo.edif ...
ngc2edif: Total memory usage is 79244 kilobytes

