Release 14.6 - xst P.68d (nt64)
Copyright (c) 1995-2013 Xilinx, Inc.  All rights reserved.
--> Parameter TMPDIR set to xst/projnav.tmp


Total REAL time to Xst completion: 0.00 secs
Total CPU time to Xst completion: 0.36 secs
 
--> Parameter xsthdpdir set to xst


Total REAL time to Xst completion: 0.00 secs
Total CPU time to Xst completion: 0.37 secs
 
--> Reading design: Sincronizador.prj

TABLE OF CONTENTS
  1) Synthesis Options Summary
  2) HDL Compilation
  3) Design Hierarchy Analysis
  4) HDL Analysis
  5) HDL Synthesis
     5.1) HDL Synthesis Report
  6) Advanced HDL Synthesis
     6.1) Advanced HDL Synthesis Report
  7) Low Level Synthesis
  8) Partition Report
  9) Final Report
	9.1) Device utilization summary
	9.2) Partition Resource Summary
	9.3) TIMING REPORT


=========================================================================
*                      Synthesis Options Summary                        *
=========================================================================
---- Source Parameters
Input File Name                    : "Sincronizador.prj"
Input Format                       : mixed
Ignore Synthesis Constraint File   : NO

---- Target Parameters
Output File Name                   : "Sincronizador"
Output Format                      : NGC
Target Device                      : xc3s200-4-ft256

---- Source Options
Top Module Name                    : Sincronizador
Automatic FSM Extraction           : YES
FSM Encoding Algorithm             : Auto
Safe Implementation                : No
FSM Style                          : LUT
RAM Extraction                     : Yes
RAM Style                          : Auto
ROM Extraction                     : Yes
Mux Style                          : Auto
Decoder Extraction                 : YES
Priority Encoder Extraction        : Yes
Shift Register Extraction          : YES
Logical Shifter Extraction         : YES
XOR Collapsing                     : YES
ROM Style                          : Auto
Mux Extraction                     : Yes
Resource Sharing                   : YES
Asynchronous To Synchronous        : NO
Multiplier Style                   : Auto
Automatic Register Balancing       : No

---- Target Options
Add IO Buffers                     : YES
Global Maximum Fanout              : 100000
Add Generic Clock Buffer(BUFG)     : 8
Register Duplication               : YES
Slice Packing                      : YES
Optimize Instantiated Primitives   : NO
Use Clock Enable                   : Yes
Use Synchronous Set                : Yes
Use Synchronous Reset              : Yes
Pack IO Registers into IOBs        : Auto
Equivalent register Removal        : YES

---- General Options
Optimization Goal                  : Speed
Optimization Effort                : 1
Keep Hierarchy                     : No
Netlist Hierarchy                  : As_Optimized
RTL Output                         : Yes
Global Optimization                : AllClockNets
Read Cores                         : YES
Write Timing Constraints           : NO
Cross Clock Analysis               : NO
Hierarchy Separator                : /
Bus Delimiter                      : []
Case Specifier                     : Maintain
Slice Utilization Ratio            : 100
BRAM Utilization Ratio             : 100
Verilog 2001                       : YES
Auto BRAM Packing                  : NO
Slice Utilization Ratio Delta      : 5

=========================================================================


=========================================================================
*                          HDL Compilation                              *
=========================================================================
Compiling verilog file "Debounce.v" in library work
Compiling verilog file "Sincronizador.v" in library work
Module <Debounce> compiled
Module <Sincronizador> compiled
No errors in compilation
Analysis of file <"Sincronizador.prj"> succeeded.
 

=========================================================================
*                     Design Hierarchy Analysis                         *
=========================================================================
Analyzing hierarchy for module <Sincronizador> in library <work>.

Analyzing hierarchy for module <Debounce> in library <work> with parameters.
	DELAY = "00000000000001000001111010110000"


=========================================================================
*                            HDL Analysis                               *
=========================================================================
Analyzing top module <Sincronizador>.
WARNING:Xst:905 - "Sincronizador.v" line 42: One or more signals are missing in the sensitivity list of always block. To enable synthesis of FPGA/CPLD hardware, XST will assume that all necessary signals are present in the sensitivity list. Please note that the result of the synthesis may differ from the initial design specification. The missing signals are:
   <reprogramAsincronico>, <walkRequestAsincronico>, <sensorAsincronico>, <resetAsincronico>
Module <Sincronizador> is correct for synthesis.
 
Analyzing module <Debounce> in library <work>.
	DELAY = 32'sb00000000000001000001111010110000
Module <Debounce> is correct for synthesis.
 

=========================================================================
*                           HDL Synthesis                               *
=========================================================================

Performing bidirectional port resolution...

Synthesizing Unit <Debounce>.
    Related source file is "Debounce.v".
    Found 1-bit register for signal <clean>.
    Found 19-bit up counter for signal <count>.
    Found 1-bit xor2 for signal <count$xor0000> created at line 39.
    Found 1-bit register for signal <new>.
    Summary:
	inferred   1 Counter(s).
	inferred   2 D-type flip-flop(s).
Unit <Debounce> synthesized.


Synthesizing Unit <Sincronizador>.
    Related source file is "Sincronizador.v".
    Found 4-bit register for signal <salida>.
    Summary:
	inferred   4 D-type flip-flop(s).
Unit <Sincronizador> synthesized.


=========================================================================
HDL Synthesis Report

Macro Statistics
# Counters                                             : 4
 19-bit up counter                                     : 4
# Registers                                            : 9
 1-bit register                                        : 8
 4-bit register                                        : 1
# Xors                                                 : 4
 1-bit xor2                                            : 4

=========================================================================

=========================================================================
*                       Advanced HDL Synthesis                          *
=========================================================================


=========================================================================
Advanced HDL Synthesis Report

Macro Statistics
# Counters                                             : 4
 19-bit up counter                                     : 4
# Registers                                            : 12
 Flip-Flops                                            : 12
# Xors                                                 : 4
 1-bit xor2                                            : 4

=========================================================================

=========================================================================
*                         Low Level Synthesis                           *
=========================================================================

Optimizing unit <Sincronizador> ...

Optimizing unit <Debounce> ...

Mapping all equations...
Building and optimizing final netlist ...
Found area constraint ratio of 100 (+ 5) on block Sincronizador, actual ratio is 3.

Final Macro Processing ...

=========================================================================
Final Register Report

Macro Statistics
# Registers                                            : 88
 Flip-Flops                                            : 88

=========================================================================

=========================================================================
*                           Partition Report                            *
=========================================================================

Partition Implementation Status
-------------------------------

  No Partitions were found in this design.

-------------------------------

=========================================================================
*                            Final Report                               *
=========================================================================
Final Results
RTL Top Level Output File Name     : Sincronizador.ngr
Top Level Output File Name         : Sincronizador
Output Format                      : NGC
Optimization Goal                  : Speed
Keep Hierarchy                     : No

Design Statistics
# IOs                              : 9

Cell Usage :
# BELS                             : 281
#      GND                         : 1
#      INV                         : 8
#      LUT1                        : 72
#      LUT2                        : 1
#      LUT3                        : 11
#      LUT4                        : 19
#      MUXCY                       : 92
#      VCC                         : 1
#      XORCY                       : 76
# FlipFlops/Latches                : 88
#      FD_1                        : 4
#      FDE                         : 8
#      FDRE                        : 76
# Clock Buffers                    : 1
#      BUFGP                       : 1
# IO Buffers                       : 8
#      IBUF                        : 4
#      OBUF                        : 4
=========================================================================

Device utilization summary:
---------------------------

Selected Device : 3s200ft256-4 

 Number of Slices:                       59  out of   1920     3%  
 Number of Slice Flip Flops:             88  out of   3840     2%  
 Number of 4 input LUTs:                111  out of   3840     2%  
 Number of IOs:                           9
 Number of bonded IOBs:                   9  out of    173     5%  
 Number of GCLKs:                         1  out of      8    12%  

---------------------------
Partition Resource Summary:
---------------------------

  No Partitions were found in this design.

---------------------------


=========================================================================
TIMING REPORT

NOTE: THESE TIMING NUMBERS ARE ONLY A SYNTHESIS ESTIMATE.
      FOR ACCURATE TIMING INFORMATION PLEASE REFER TO THE TRACE REPORT
      GENERATED AFTER PLACE-and-ROUTE.

Clock Information:
------------------
-----------------------------------+------------------------+-------+
Clock Signal                       | Clock buffer(FF name)  | Load  |
-----------------------------------+------------------------+-------+
clk                                | BUFGP                  | 88    |
-----------------------------------+------------------------+-------+

Asynchronous Control Signals Information:
----------------------------------------
No asynchronous control signals found in this design

Timing Summary:
---------------
Speed Grade: -4

   Minimum period: 6.962ns (Maximum Frequency: 143.637MHz)
   Minimum input arrival time before clock: 5.370ns
   Maximum output required time after clock: 7.165ns
   Maximum combinational path delay: No path found

Timing Detail:
--------------
All values displayed in nanoseconds (ns)

=========================================================================
Timing constraint: Default period analysis for Clock 'clk'
  Clock period: 6.962ns (frequency: 143.637MHz)
  Total number of paths / destination ports: 2372 / 244
-------------------------------------------------------------------------
Delay:               6.962ns (Levels of Logic = 7)
  Source:            antirrebote4/count_7 (FF)
  Destination:       antirrebote4/count_18 (FF)
  Source Clock:      clk rising
  Destination Clock: clk rising

  Data Path: antirrebote4/count_7 to antirrebote4/count_18
                                Gate     Net
    Cell:in->out      fanout   Delay   Delay  Logical Name (Net Name)
    ----------------------------------------  ------------
     FDRE:C->Q             2   0.720   1.216  antirrebote4/count_7 (antirrebote4/count_7)
     LUT3:I0->O            1   0.551   0.000  antirrebote4/count_cmp_eq0000_wg_lut[0] (antirrebote4/count_cmp_eq0000_wg_lut[0])
     MUXCY:S->O            1   0.500   0.000  antirrebote4/count_cmp_eq0000_wg_cy[0] (antirrebote4/count_cmp_eq0000_wg_cy[0])
     MUXCY:CI->O           1   0.064   0.000  antirrebote4/count_cmp_eq0000_wg_cy[1] (antirrebote4/count_cmp_eq0000_wg_cy[1])
     MUXCY:CI->O           1   0.064   0.000  antirrebote4/count_cmp_eq0000_wg_cy[2] (antirrebote4/count_cmp_eq0000_wg_cy[2])
     MUXCY:CI->O           1   0.064   0.000  antirrebote4/count_cmp_eq0000_wg_cy[3] (antirrebote4/count_cmp_eq0000_wg_cy[3])
     MUXCY:CI->O           2   0.303   0.877  antirrebote4/count_cmp_eq0000_wg_cy[4] (antirrebote4/count_cmp_eq0000)
     INV:I->O             19   0.551   1.450  antirrebote4/count_not00011_INV_0 (antirrebote4/count_not0001)
     FDRE:CE                   0.602          antirrebote4/count_0
    ----------------------------------------
    Total                      6.962ns (3.419ns logic, 3.543ns route)
                                       (49.1% logic, 50.9% route)

=========================================================================
Timing constraint: Default OFFSET IN BEFORE for Clock 'clk'
  Total number of paths / destination ports: 158 / 92
-------------------------------------------------------------------------
Offset:              5.370ns (Levels of Logic = 2)
  Source:            senales_asincronas[0] (PAD)
  Destination:       antirrebote1/count_18 (FF)
  Destination Clock: clk rising

  Data Path: senales_asincronas[0] to antirrebote1/count_18
                                Gate     Net
    Cell:in->out      fanout   Delay   Delay  Logical Name (Net Name)
    ----------------------------------------  ------------
     IBUF:I->O            12   0.821   1.457  senales_asincronas_0_IBUF (senales_asincronas_0_IBUF)
     LUT2:I0->O           21   0.551   1.515  antirrebote1/clean_mux00001 (antirrebote1/clean_mux0000)
     FDRE:R                    1.026          antirrebote1/count_0
    ----------------------------------------
    Total                      5.370ns (2.398ns logic, 2.972ns route)
                                       (44.7% logic, 55.3% route)

=========================================================================
Timing constraint: Default OFFSET OUT AFTER for Clock 'clk'
  Total number of paths / destination ports: 4 / 4
-------------------------------------------------------------------------
Offset:              7.165ns (Levels of Logic = 1)
  Source:            salida_3 (FF)
  Destination:       senales_sincronas[3] (PAD)
  Source Clock:      clk falling

  Data Path: salida_3 to senales_sincronas[3]
                                Gate     Net
    Cell:in->out      fanout   Delay   Delay  Logical Name (Net Name)
    ----------------------------------------  ------------
     FD_1:C->Q             1   0.720   0.801  salida_3 (salida_3)
     OBUF:I->O                 5.644          senales_sincronas_3_OBUF (senales_sincronas[3])
    ----------------------------------------
    Total                      7.165ns (6.364ns logic, 0.801ns route)
                                       (88.8% logic, 11.2% route)

=========================================================================


Total REAL time to Xst completion: 16.00 secs
Total CPU time to Xst completion: 16.12 secs
 
--> 

Total memory usage is 255108 kilobytes

Number of errors   :    0 (   0 filtered)
Number of warnings :    1 (   0 filtered)
Number of infos    :    0 (   0 filtered)

