Command line:
   SimulacionGeneral_isim_par.exe
     -simmode  gui
     -simrunnum  0
     -socket  56612

Wed Sep 25 04:41:13 2013


 Elaboration Time: 0.0624 sec

 Current Memory Usage: 812.737 Meg

 Total Signals          : 4
 Total Nets             : 6
 Total Signal Drivers   : 2
 Total Blocks           : 2
 Total Primitive Blocks : 2
 Total Processes        : 2
 Total Traceable Variables  : 9
 Total Scalar Nets and Variables : 367
Total Line Count : 7

 Total Simulation Time: 0.078 sec

 Current Memory Usage: 812.737 Meg

Wed Sep 25 04:41:25 2013

